2017-07-04 17:17:37.893  INFO 3484 --- [main] BizTest           : Starting BizTest on gaowh with PID 3484 (started by vcyber in G:\workspace\scaffold)
2017-07-04 17:17:37.893  INFO 3484 --- [main] BizTest           : The following profiles are active: dev
2017-07-04 17:17:37.940  INFO 3484 --- [main] o.s.w.c.s.GenericWebApplicationContext   : Refreshing org.springframework.web.context.support.GenericWebApplicationContext@7bbc8656: startup date [Tue Jul 04 17:17:37 CST 2017]; root of context hierarchy
2017-07-04 17:17:39.905  INFO 3484 --- [main] trationDelegate$BeanPostProcessorChecker : Bean 'shiroConfig' of type [com.gaowh.scaffold.config.web.ShiroConfig$$EnhancerBySpringCGLIB$$6555c869] is not eligible for getting processed by all BeanPostProcessors (for example: not eligible for auto-proxying)
2017-07-04 17:17:39.984  INFO 3484 --- [main] trationDelegate$BeanPostProcessorChecker : Bean 'webConfig' of type [com.gaowh.scaffold.config.web.WebConfig$$EnhancerBySpringCGLIB$$ff3a59ac] is not eligible for getting processed by all BeanPostProcessors (for example: not eligible for auto-proxying)
2017-07-04 17:17:40.020  INFO 3484 --- [main] trationDelegate$BeanPostProcessorChecker : Bean 'rememberMeCookie' of type [org.apache.shiro.web.servlet.SimpleCookie] is not eligible for getting processed by all BeanPostProcessors (for example: not eligible for auto-proxying)
2017-07-04 17:17:40.360  INFO 3484 --- [main] trationDelegate$BeanPostProcessorChecker : Bean 'rememberMeManager' of type [org.apache.shiro.web.mgt.CookieRememberMeManager] is not eligible for getting processed by all BeanPostProcessors (for example: not eligible for auto-proxying)
2017-07-04 17:17:40.376  INFO 3484 --- [main] trationDelegate$BeanPostProcessorChecker : Bean 'ehCacheConfig' of type [com.gaowh.scaffold.config.EhCacheConfig$$EnhancerBySpringCGLIB$$70654871] is not eligible for getting processed by all BeanPostProcessors (for example: not eligible for auto-proxying)
2017-07-04 17:17:40.376  INFO 3484 --- [main] o.s.c.ehcache.EhCacheManagerFactoryBean  : Initializing EhCache CacheManager
2017-07-04 17:17:40.498  INFO 3484 --- [main] trationDelegate$BeanPostProcessorChecker : Bean 'ehcache' of type [org.springframework.cache.ehcache.EhCacheManagerFactoryBean] is not eligible for getting processed by all BeanPostProcessors (for example: not eligible for auto-proxying)
2017-07-04 17:17:40.504  INFO 3484 --- [main] trationDelegate$BeanPostProcessorChecker : Bean 'getCacheShiroManager' of type [org.apache.shiro.cache.ehcache.EhCacheManager] is not eligible for getting processed by all BeanPostProcessors (for example: not eligible for auto-proxying)
2017-07-04 17:17:40.655  INFO 3484 --- [main] trationDelegate$BeanPostProcessorChecker : Bean 'scaffoldProperties' of type [com.gaowh.scaffold.config.properties.scaffoldProperties] is not eligible for getting processed by all BeanPostProcessors (for example: not eligible for auto-proxying)
2017-07-04 17:17:40.686  INFO 3484 --- [main] trationDelegate$BeanPostProcessorChecker : Bean 'defaultWebSessionManager' of type [org.apache.shiro.web.session.mgt.DefaultWebSessionManager] is not eligible for getting processed by all BeanPostProcessors (for example: not eligible for auto-proxying)
2017-07-04 17:17:40.718  INFO 3484 --- [main] trationDelegate$BeanPostProcessorChecker : Bean 'shiroDbRealm' of type [com.gaowh.scaffold.core.shiro.ShiroDbRealm] is not eligible for getting processed by all BeanPostProcessors (for example: not eligible for auto-proxying)
2017-07-04 17:17:40.718  INFO 3484 --- [main] o.a.shiro.cache.ehcache.EhCacheManager   : Cache with name 'com.gaowh.scaffold.core.shiro.ShiroDbRealm.authorizationCache' does not yet exist.  Creating now.
2017-07-04 17:17:40.733  INFO 3484 --- [main] o.a.shiro.cache.ehcache.EhCacheManager   : Added EhCache named [com.gaowh.scaffold.core.shiro.ShiroDbRealm.authorizationCache]
2017-07-04 17:17:40.749  INFO 3484 --- [main] trationDelegate$BeanPostProcessorChecker : Bean 'securityManager' of type [org.apache.shiro.web.mgt.DefaultWebSecurityManager] is not eligible for getting processed by all BeanPostProcessors (for example: not eligible for auto-proxying)
2017-07-04 17:17:40.749  INFO 3484 --- [main] trationDelegate$BeanPostProcessorChecker : Bean 'methodInvokingFactoryBean' of type [org.springframework.beans.factory.config.MethodInvokingFactoryBean] is not eligible for getting processed by all BeanPostProcessors (for example: not eligible for auto-proxying)
2017-07-04 17:17:40.811  INFO 3484 --- [main] trationDelegate$BeanPostProcessorChecker : Bean 'authorizationAttributeSourceAdvisor' of type [org.apache.shiro.spring.security.interceptor.AuthorizationAttributeSourceAdvisor] is not eligible for getting processed by all BeanPostProcessors (for example: not eligible for auto-proxying)
2017-07-04 17:17:40.827  INFO 3484 --- [main] trationDelegate$BeanPostProcessorChecker : Bean 'druidStatPointcut' of type [org.springframework.aop.support.JdkRegexpMethodPointcut] is not eligible for getting processed by all BeanPostProcessors (for example: not eligible for auto-proxying)
2017-07-04 17:17:40.843  INFO 3484 --- [main] trationDelegate$BeanPostProcessorChecker : Bean 'druidStatInterceptor' of type [com.alibaba.druid.support.spring.stat.DruidStatInterceptor] is not eligible for getting processed by all BeanPostProcessors (for example: not eligible for auto-proxying)
2017-07-04 17:17:40.843  INFO 3484 --- [main] trationDelegate$BeanPostProcessorChecker : Bean 'druidStatAdvisor' of type [org.springframework.aop.support.DefaultPointcutAdvisor] is not eligible for getting processed by all BeanPostProcessors (for example: not eligible for auto-proxying)
2017-07-04 17:17:40.921  INFO 3484 --- [main] trationDelegate$BeanPostProcessorChecker : Bean 'org.springframework.transaction.annotation.ProxyTransactionManagementConfiguration' of type [org.springframework.transaction.annotation.ProxyTransactionManagementConfiguration$$EnhancerBySpringCGLIB$$5301502e] is not eligible for getting processed by all BeanPostProcessors (for example: not eligible for auto-proxying)
2017-07-04 17:17:41.202  INFO 3484 --- [main] trationDelegate$BeanPostProcessorChecker : Bean 'org.springframework.cache.annotation.ProxyCachingConfiguration' of type [org.springframework.cache.annotation.ProxyCachingConfiguration$$EnhancerBySpringCGLIB$$9c13864c] is not eligible for getting processed by all BeanPostProcessors (for example: not eligible for auto-proxying)
2017-07-04 17:17:43.467  INFO 3484 --- [main] com.alibaba.druid.pool.DruidDataSource   : {dataSource-1} inited
2017-07-04 17:17:46.505  INFO 3484 --- [main] s.w.s.m.m.a.RequestMappingHandlerMapping : Mapped "{[/global/error]}" onto public java.lang.String com.gaowh.scaffold.common.controller.GlobalController.errorPage()
2017-07-04 17:17:46.507  INFO 3484 --- [main] s.w.s.m.m.a.RequestMappingHandlerMapping : Mapped "{[/global/sessionError]}" onto public java.lang.String com.gaowh.scaffold.common.controller.GlobalController.errorPageInfo(org.springframework.ui.Model)
2017-07-04 17:17:46.510  INFO 3484 --- [main] s.w.s.m.m.a.RequestMappingHandlerMapping : Mapped "{[/eDriving]}" onto public java.lang.String com.gaowh.scaffold.modular.eDriving.controller.EDrivingController.index()
2017-07-04 17:17:46.512  INFO 3484 --- [main] s.w.s.m.m.a.RequestMappingHandlerMapping : Mapped "{[/eDriving/add]}" onto public java.lang.Object com.gaowh.scaffold.modular.eDriving.controller.EDrivingController.add(com.gaowh.scaffold.common.persistence.model.EDriving)
2017-07-04 17:17:46.513  INFO 3484 --- [main] s.w.s.m.m.a.RequestMappingHandlerMapping : Mapped "{[/eDriving/update]}" onto public java.lang.Object com.gaowh.scaffold.modular.eDriving.controller.EDrivingController.update(com.gaowh.scaffold.common.persistence.model.EDriving)
2017-07-04 17:17:46.513  INFO 3484 --- [main] s.w.s.m.m.a.RequestMappingHandlerMapping : Mapped "{[/eDriving/delete]}" onto public java.lang.Object com.gaowh.scaffold.modular.eDriving.controller.EDrivingController.delete(java.lang.Integer)
2017-07-04 17:17:46.513  INFO 3484 --- [main] s.w.s.m.m.a.RequestMappingHandlerMapping : Mapped "{[/eDriving/list]}" onto public java.lang.Object com.gaowh.scaffold.modular.eDriving.controller.EDrivingController.list(java.lang.String)
2017-07-04 17:17:46.514  INFO 3484 --- [main] s.w.s.m.m.a.RequestMappingHandlerMapping : Mapped "{[/eDriving/detail]}" onto public java.lang.Object com.gaowh.scaffold.modular.eDriving.controller.EDrivingController.detail()
2017-07-04 17:17:46.514  INFO 3484 --- [main] s.w.s.m.m.a.RequestMappingHandlerMapping : Mapped "{[/eDriving/eDriving_add]}" onto public java.lang.String com.gaowh.scaffold.modular.eDriving.controller.EDrivingController.eDrivingAdd()
2017-07-04 17:17:46.515  INFO 3484 --- [main] s.w.s.m.m.a.RequestMappingHandlerMapping : Mapped "{[/eDriving/eDriving_update/{eDrivingId}]}" onto public java.lang.String com.gaowh.scaffold.modular.eDriving.controller.EDrivingController.eDrivingUpdate(java.lang.Integer,org.springframework.ui.Model)
2017-07-04 17:17:46.516  INFO 3484 --- [main] s.w.s.m.m.a.RequestMappingHandlerMapping : Mapped "{[/blackboard]}" onto public java.lang.String com.gaowh.scaffold.modular.system.controller.BlackboardController.blackboard(org.springframework.ui.Model)
2017-07-04 17:17:46.518  INFO 3484 --- [main] s.w.s.m.m.a.RequestMappingHandlerMapping : Mapped "{[/code]}" onto public java.lang.String com.gaowh.scaffold.modular.system.controller.CodeController.index()
2017-07-04 17:17:46.519  INFO 3484 --- [main] s.w.s.m.m.a.RequestMappingHandlerMapping : Mapped "{[/code/generate],methods=[POST]}" onto public java.lang.Object com.gaowh.scaffold.modular.system.controller.CodeController.add(java.lang.String,java.lang.String,java.lang.String,java.lang.String)
2017-07-04 17:17:46.520  INFO 3484 --- [main] s.w.s.m.m.a.RequestMappingHandlerMapping : Mapped "{[/code/test],methods=[POST]}" onto public java.lang.String com.gaowh.scaffold.modular.system.controller.CodeController.test(java.lang.String)
2017-07-04 17:17:46.528  INFO 3484 --- [main] s.w.s.m.m.a.RequestMappingHandlerMapping : Mapped "{[/dept]}" onto public java.lang.String com.gaowh.scaffold.modular.system.controller.DeptController.index()
2017-07-04 17:17:46.529  INFO 3484 --- [main] s.w.s.m.m.a.RequestMappingHandlerMapping : Mapped "{[/dept/add]}" onto public java.lang.Object com.gaowh.scaffold.modular.system.controller.DeptController.add(com.gaowh.scaffold.common.persistence.model.Dept)
2017-07-04 17:17:46.529  INFO 3484 --- [main] s.w.s.m.m.a.RequestMappingHandlerMapping : Mapped "{[/dept/update]}" onto public java.lang.Object com.gaowh.scaffold.modular.system.controller.DeptController.update(com.gaowh.scaffold.common.persistence.model.Dept)
2017-07-04 17:17:46.530  INFO 3484 --- [main] s.w.s.m.m.a.RequestMappingHandlerMapping : Mapped "{[/dept/delete]}" onto public java.lang.Object com.gaowh.scaffold.modular.system.controller.DeptController.delete(java.lang.Integer)
2017-07-04 17:17:46.530  INFO 3484 --- [main] s.w.s.m.m.a.RequestMappingHandlerMapping : Mapped "{[/dept/list]}" onto public java.lang.Object com.gaowh.scaffold.modular.system.controller.DeptController.list(java.lang.String)
2017-07-04 17:17:46.531  INFO 3484 --- [main] s.w.s.m.m.a.RequestMappingHandlerMapping : Mapped "{[/dept/tree]}" onto public java.util.List<com.gaowh.scaffold.common.node.ZTreeNode> com.gaowh.scaffold.modular.system.controller.DeptController.tree()
2017-07-04 17:17:46.531  INFO 3484 --- [main] s.w.s.m.m.a.RequestMappingHandlerMapping : Mapped "{[/dept/detail/{deptId}]}" onto public java.lang.Object com.gaowh.scaffold.modular.system.controller.DeptController.detail(java.lang.Integer)
2017-07-04 17:17:46.532  INFO 3484 --- [main] s.w.s.m.m.a.RequestMappingHandlerMapping : Mapped "{[/dept/dept_add]}" onto public java.lang.String com.gaowh.scaffold.modular.system.controller.DeptController.deptAdd()
2017-07-04 17:17:46.532  INFO 3484 --- [main] s.w.s.m.m.a.RequestMappingHandlerMapping : Mapped "{[/dept/dept_update/{deptId}]}" onto public java.lang.String com.gaowh.scaffold.modular.system.controller.DeptController.deptUpdate(java.lang.Integer,org.springframework.ui.Model)
2017-07-04 17:17:46.534  INFO 3484 --- [main] s.w.s.m.m.a.RequestMappingHandlerMapping : Mapped "{[/dict]}" onto public java.lang.String com.gaowh.scaffold.modular.system.controller.DictController.index()
2017-07-04 17:17:46.535  INFO 3484 --- [main] s.w.s.m.m.a.RequestMappingHandlerMapping : Mapped "{[/dict/add]}" onto public java.lang.Object com.gaowh.scaffold.modular.system.controller.DictController.add(java.lang.String,java.lang.String)
2017-07-04 17:17:46.535  INFO 3484 --- [main] s.w.s.m.m.a.RequestMappingHandlerMapping : Mapped "{[/dict/update]}" onto public java.lang.Object com.gaowh.scaffold.modular.system.controller.DictController.update(java.lang.Integer,java.lang.String,java.lang.String)
2017-07-04 17:17:46.536  INFO 3484 --- [main] s.w.s.m.m.a.RequestMappingHandlerMapping : Mapped "{[/dict/delete]}" onto public java.lang.Object com.gaowh.scaffold.modular.system.controller.DictController.delete(java.lang.Integer)
2017-07-04 17:17:46.536  INFO 3484 --- [main] s.w.s.m.m.a.RequestMappingHandlerMapping : Mapped "{[/dict/list]}" onto public java.lang.Object com.gaowh.scaffold.modular.system.controller.DictController.list(java.lang.String)
2017-07-04 17:17:46.537  INFO 3484 --- [main] s.w.s.m.m.a.RequestMappingHandlerMapping : Mapped "{[/dict/detail/{dictId}]}" onto public java.lang.Object com.gaowh.scaffold.modular.system.controller.DictController.detail(java.lang.Integer)
2017-07-04 17:17:46.537  INFO 3484 --- [main] s.w.s.m.m.a.RequestMappingHandlerMapping : Mapped "{[/dict/dict_add]}" onto public java.lang.String com.gaowh.scaffold.modular.system.controller.DictController.deptAdd()
2017-07-04 17:17:46.537  INFO 3484 --- [main] s.w.s.m.m.a.RequestMappingHandlerMapping : Mapped "{[/dict/dict_edit/{dictId}]}" onto public java.lang.String com.gaowh.scaffold.modular.system.controller.DictController.deptUpdate(java.lang.Integer,org.springframework.ui.Model)
2017-07-04 17:17:46.538  INFO 3484 --- [main] s.w.s.m.m.a.RequestMappingHandlerMapping : Mapped "{[/kaptcha]}" onto public void com.gaowh.scaffold.modular.system.controller.KaptchaController.index(javax.servlet.http.HttpServletRequest,javax.servlet.http.HttpServletResponse)
2017-07-04 17:17:46.539  INFO 3484 --- [main] s.w.s.m.m.a.RequestMappingHandlerMapping : Mapped "{[/kaptcha/{pictureId}]}" onto public void com.gaowh.scaffold.modular.system.controller.KaptchaController.renderPicture(java.lang.String,javax.servlet.http.HttpServletResponse)
2017-07-04 17:17:46.540  INFO 3484 --- [main] s.w.s.m.m.a.RequestMappingHandlerMapping : Mapped "{[/log]}" onto public java.lang.String com.gaowh.scaffold.modular.system.controller.LogController.index()
2017-07-04 17:17:46.540  INFO 3484 --- [main] s.w.s.m.m.a.RequestMappingHandlerMapping : Mapped "{[/log/list]}" onto public java.lang.Object com.gaowh.scaffold.modular.system.controller.LogController.list(java.lang.String,java.lang.String,java.lang.String,java.lang.Integer)
2017-07-04 17:17:46.541  INFO 3484 --- [main] s.w.s.m.m.a.RequestMappingHandlerMapping : Mapped "{[/log/detail/{id}]}" onto public java.lang.Object com.gaowh.scaffold.modular.system.controller.LogController.detail(java.lang.Integer)
2017-07-04 17:17:46.542  INFO 3484 --- [main] s.w.s.m.m.a.RequestMappingHandlerMapping : Mapped "{[/log/delLog]}" onto public java.lang.Object com.gaowh.scaffold.modular.system.controller.LogController.delLog()
2017-07-04 17:17:46.542  INFO 3484 --- [main] s.w.s.m.m.a.RequestMappingHandlerMapping : Mapped "{[/],methods=[GET]}" onto public java.lang.String com.gaowh.scaffold.modular.system.controller.LoginController.index(org.springframework.ui.Model)
2017-07-04 17:17:46.543  INFO 3484 --- [main] s.w.s.m.m.a.RequestMappingHandlerMapping : Mapped "{[/login],methods=[GET]}" onto public java.lang.String com.gaowh.scaffold.modular.system.controller.LoginController.login()
2017-07-04 17:17:46.543  INFO 3484 --- [main] s.w.s.m.m.a.RequestMappingHandlerMapping : Mapped "{[/login],methods=[POST]}" onto public java.lang.String com.gaowh.scaffold.modular.system.controller.LoginController.loginVali()
2017-07-04 17:17:46.544  INFO 3484 --- [main] s.w.s.m.m.a.RequestMappingHandlerMapping : Mapped "{[/logout],methods=[GET]}" onto public java.lang.String com.gaowh.scaffold.modular.system.controller.LoginController.logOut()
2017-07-04 17:17:46.546  INFO 3484 --- [main] s.w.s.m.m.a.RequestMappingHandlerMapping : Mapped "{[/loginLog]}" onto public java.lang.String com.gaowh.scaffold.modular.system.controller.LoginLogController.index()
2017-07-04 17:17:46.546  INFO 3484 --- [main] s.w.s.m.m.a.RequestMappingHandlerMapping : Mapped "{[/loginLog/list]}" onto public java.lang.Object com.gaowh.scaffold.modular.system.controller.LoginLogController.list(java.lang.String,java.lang.String,java.lang.String)
2017-07-04 17:17:46.547  INFO 3484 --- [main] s.w.s.m.m.a.RequestMappingHandlerMapping : Mapped "{[/loginLog/delLoginLog]}" onto public java.lang.Object com.gaowh.scaffold.modular.system.controller.LoginLogController.delLog()
2017-07-04 17:17:46.549  INFO 3484 --- [main] s.w.s.m.m.a.RequestMappingHandlerMapping : Mapped "{[/menu]}" onto public java.lang.String com.gaowh.scaffold.modular.system.controller.MenuController.index()
2017-07-04 17:17:46.549  INFO 3484 --- [main] s.w.s.m.m.a.RequestMappingHandlerMapping : Mapped "{[/menu/add]}" onto public com.gaowh.scaffold.common.constant.tips.Tip com.gaowh.scaffold.modular.system.controller.MenuController.add(com.gaowh.scaffold.common.persistence.model.Menu,org.springframework.validation.BindingResult)
2017-07-04 17:17:46.550  INFO 3484 --- [main] s.w.s.m.m.a.RequestMappingHandlerMapping : Mapped "{[/menu/remove]}" onto public com.gaowh.scaffold.common.constant.tips.Tip com.gaowh.scaffold.modular.system.controller.MenuController.remove(java.lang.Integer)
2017-07-04 17:17:46.550  INFO 3484 --- [main] s.w.s.m.m.a.RequestMappingHandlerMapping : Mapped "{[/menu/list]}" onto public java.lang.Object com.gaowh.scaffold.modular.system.controller.MenuController.list(java.lang.String,java.lang.String)
2017-07-04 17:17:46.550  INFO 3484 --- [main] s.w.s.m.m.a.RequestMappingHandlerMapping : Mapped "{[/menu/view/{menuId}]}" onto public com.gaowh.scaffold.common.constant.tips.Tip com.gaowh.scaffold.modular.system.controller.MenuController.view(java.lang.Integer)
2017-07-04 17:17:46.550  INFO 3484 --- [main] s.w.s.m.m.a.RequestMappingHandlerMapping : Mapped "{[/menu/selectMenuTreeList]}" onto public java.util.List<com.gaowh.scaffold.common.node.ZTreeNode> com.gaowh.scaffold.modular.system.controller.MenuController.selectMenuTreeList()
2017-07-04 17:17:46.550  INFO 3484 --- [main] s.w.s.m.m.a.RequestMappingHandlerMapping : Mapped "{[/menu/menuTreeListByRoleId/{roleId}]}" onto public java.util.List<com.gaowh.scaffold.common.node.ZTreeNode> com.gaowh.scaffold.modular.system.controller.MenuController.menuTreeListByRoleId(java.lang.Integer)
2017-07-04 17:17:46.550  INFO 3484 --- [main] s.w.s.m.m.a.RequestMappingHandlerMapping : Mapped "{[/menu/menu_add]}" onto public java.lang.String com.gaowh.scaffold.modular.system.controller.MenuController.menuAdd()
2017-07-04 17:17:46.550  INFO 3484 --- [main] s.w.s.m.m.a.RequestMappingHandlerMapping : Mapped "{[/menu/menu_edit/{menuId}]}" onto public java.lang.String com.gaowh.scaffold.modular.system.controller.MenuController.menuEdit(java.lang.Integer,org.springframework.ui.Model)
2017-07-04 17:17:46.550  INFO 3484 --- [main] s.w.s.m.m.a.RequestMappingHandlerMapping : Mapped "{[/menu/edit]}" onto public com.gaowh.scaffold.common.constant.tips.Tip com.gaowh.scaffold.modular.system.controller.MenuController.edit(com.gaowh.scaffold.common.persistence.model.Menu,org.springframework.validation.BindingResult)
2017-07-04 17:17:46.550  INFO 3484 --- [main] s.w.s.m.m.a.RequestMappingHandlerMapping : Mapped "{[/menu/menuTreeList]}" onto public java.util.List<com.gaowh.scaffold.common.node.ZTreeNode> com.gaowh.scaffold.modular.system.controller.MenuController.menuTreeList()
2017-07-04 17:17:46.550  INFO 3484 --- [main] s.w.s.m.m.a.RequestMappingHandlerMapping : Mapped "{[/notice]}" onto public java.lang.String com.gaowh.scaffold.modular.system.controller.NoticeController.index()
2017-07-04 17:17:46.550  INFO 3484 --- [main] s.w.s.m.m.a.RequestMappingHandlerMapping : Mapped "{[/notice/add]}" onto public java.lang.Object com.gaowh.scaffold.modular.system.controller.NoticeController.add(com.gaowh.scaffold.common.persistence.model.Notice)
2017-07-04 17:17:46.550  INFO 3484 --- [main] s.w.s.m.m.a.RequestMappingHandlerMapping : Mapped "{[/notice/update]}" onto public java.lang.Object com.gaowh.scaffold.modular.system.controller.NoticeController.update(com.gaowh.scaffold.common.persistence.model.Notice)
2017-07-04 17:17:46.550  INFO 3484 --- [main] s.w.s.m.m.a.RequestMappingHandlerMapping : Mapped "{[/notice/delete]}" onto public java.lang.Object com.gaowh.scaffold.modular.system.controller.NoticeController.delete(java.lang.Integer)
2017-07-04 17:17:46.550  INFO 3484 --- [main] s.w.s.m.m.a.RequestMappingHandlerMapping : Mapped "{[/notice/list]}" onto public java.lang.Object com.gaowh.scaffold.modular.system.controller.NoticeController.list(java.lang.String)
2017-07-04 17:17:46.550  INFO 3484 --- [main] s.w.s.m.m.a.RequestMappingHandlerMapping : Mapped "{[/notice/hello]}" onto public java.lang.String com.gaowh.scaffold.modular.system.controller.NoticeController.hello()
2017-07-04 17:17:46.550  INFO 3484 --- [main] s.w.s.m.m.a.RequestMappingHandlerMapping : Mapped "{[/notice/notice_add]}" onto public java.lang.String com.gaowh.scaffold.modular.system.controller.NoticeController.noticeAdd()
2017-07-04 17:17:46.550  INFO 3484 --- [main] s.w.s.m.m.a.RequestMappingHandlerMapping : Mapped "{[/notice/notice_update/{noticeId}]}" onto public java.lang.String com.gaowh.scaffold.modular.system.controller.NoticeController.noticeUpdate(java.lang.Integer,org.springframework.ui.Model)
2017-07-04 17:17:46.550  INFO 3484 --- [main] s.w.s.m.m.a.RequestMappingHandlerMapping : Mapped "{[/role]}" onto public java.lang.String com.gaowh.scaffold.modular.system.controller.RoleController.index()
2017-07-04 17:17:46.550  INFO 3484 --- [main] s.w.s.m.m.a.RequestMappingHandlerMapping : Mapped "{[/role/add]}" onto public com.gaowh.scaffold.common.constant.tips.Tip com.gaowh.scaffold.modular.system.controller.RoleController.add(com.gaowh.scaffold.common.persistence.model.Role,org.springframework.validation.BindingResult)
2017-07-04 17:17:46.550  INFO 3484 --- [main] s.w.s.m.m.a.RequestMappingHandlerMapping : Mapped "{[/role/remove]}" onto public com.gaowh.scaffold.common.constant.tips.Tip com.gaowh.scaffold.modular.system.controller.RoleController.remove(java.lang.Integer)
2017-07-04 17:17:46.550  INFO 3484 --- [main] s.w.s.m.m.a.RequestMappingHandlerMapping : Mapped "{[/role/list]}" onto public java.lang.Object com.gaowh.scaffold.modular.system.controller.RoleController.list(java.lang.String)
2017-07-04 17:17:46.550  INFO 3484 --- [main] s.w.s.m.m.a.RequestMappingHandlerMapping : Mapped "{[/role/view/{roleId}]}" onto public com.gaowh.scaffold.common.constant.tips.Tip com.gaowh.scaffold.modular.system.controller.RoleController.view(java.lang.Integer)
2017-07-04 17:17:46.550  INFO 3484 --- [main] s.w.s.m.m.a.RequestMappingHandlerMapping : Mapped "{[/role/roleTreeListByUserId/{userId}]}" onto public java.util.List<com.gaowh.scaffold.common.node.ZTreeNode> com.gaowh.scaffold.modular.system.controller.RoleController.roleTreeListByUserId(java.lang.Integer)
2017-07-04 17:17:46.550  INFO 3484 --- [main] s.w.s.m.m.a.RequestMappingHandlerMapping : Mapped "{[/role/edit]}" onto public com.gaowh.scaffold.common.constant.tips.Tip com.gaowh.scaffold.modular.system.controller.RoleController.edit(com.gaowh.scaffold.common.persistence.model.Role,org.springframework.validation.BindingResult)
2017-07-04 17:17:46.550  INFO 3484 --- [main] s.w.s.m.m.a.RequestMappingHandlerMapping : Mapped "{[/role/role_add]}" onto public java.lang.String com.gaowh.scaffold.modular.system.controller.RoleController.roleAdd()
2017-07-04 17:17:46.550  INFO 3484 --- [main] s.w.s.m.m.a.RequestMappingHandlerMapping : Mapped "{[/role/roleTreeList]}" onto public java.util.List<com.gaowh.scaffold.common.node.ZTreeNode> com.gaowh.scaffold.modular.system.controller.RoleController.roleTreeList()
2017-07-04 17:17:46.550  INFO 3484 --- [main] s.w.s.m.m.a.RequestMappingHandlerMapping : Mapped "{[/role/role_assign/{roleId}]}" onto public java.lang.String com.gaowh.scaffold.modular.system.controller.RoleController.roleAssign(java.lang.Integer,org.springframework.ui.Model)
2017-07-04 17:17:46.550  INFO 3484 --- [main] s.w.s.m.m.a.RequestMappingHandlerMapping : Mapped "{[/role/setAuthority]}" onto public com.gaowh.scaffold.common.constant.tips.Tip com.gaowh.scaffold.modular.system.controller.RoleController.setAuthority(java.lang.Integer,java.lang.String)
2017-07-04 17:17:46.550  INFO 3484 --- [main] s.w.s.m.m.a.RequestMappingHandlerMapping : Mapped "{[/role/role_edit/{roleId}]}" onto public java.lang.String com.gaowh.scaffold.modular.system.controller.RoleController.roleEdit(java.lang.Integer,org.springframework.ui.Model)
2017-07-04 17:17:46.550  INFO 3484 --- [main] s.w.s.m.m.a.RequestMappingHandlerMapping : Mapped "{[/order]}" onto public java.lang.String com.gaowh.scaffold.modular.system.controller.TestSwaggerController.index()
2017-07-04 17:17:46.550  INFO 3484 --- [main] s.w.s.m.m.a.RequestMappingHandlerMapping : Mapped "{[/order/order],methods=[POST]}" onto public java.lang.Object com.gaowh.scaffold.modular.system.controller.TestSwaggerController.add(java.lang.String,java.lang.String)
2017-07-04 17:17:46.550  INFO 3484 --- [main] s.w.s.m.m.a.RequestMappingHandlerMapping : Mapped "{[/order/test],methods=[POST]}" onto public java.lang.String com.gaowh.scaffold.modular.system.controller.TestSwaggerController.test(java.lang.String)
2017-07-04 17:17:46.566  INFO 3484 --- [main] s.w.s.m.m.a.RequestMappingHandlerMapping : Mapped "{[/mgr]}" onto public java.lang.String com.gaowh.scaffold.modular.system.controller.UserMgrController.index()
2017-07-04 17:17:46.566  INFO 3484 --- [main] s.w.s.m.m.a.RequestMappingHandlerMapping : Mapped "{[/mgr/add]}" onto public com.gaowh.scaffold.common.constant.tips.Tip com.gaowh.scaffold.modular.system.controller.UserMgrController.add(com.gaowh.scaffold.modular.system.transfer.UserDto,org.springframework.validation.BindingResult)
2017-07-04 17:17:46.566  INFO 3484 --- [main] s.w.s.m.m.a.RequestMappingHandlerMapping : Mapped "{[/mgr/delete]}" onto public com.gaowh.scaffold.common.constant.tips.Tip com.gaowh.scaffold.modular.system.controller.UserMgrController.delete(java.lang.Integer)
2017-07-04 17:17:46.566  INFO 3484 --- [main] s.w.s.m.m.a.RequestMappingHandlerMapping : Mapped "{[/mgr/list]}" onto public java.lang.Object com.gaowh.scaffold.modular.system.controller.UserMgrController.list(java.lang.String,java.lang.String,java.lang.String,java.lang.Integer)
2017-07-04 17:17:46.566  INFO 3484 --- [main] s.w.s.m.m.a.RequestMappingHandlerMapping : Mapped "{[/mgr/reset]}" onto public com.gaowh.scaffold.common.constant.tips.Tip com.gaowh.scaffold.modular.system.controller.UserMgrController.reset(java.lang.Integer)
2017-07-04 17:17:46.566  INFO 3484 --- [main] s.w.s.m.m.a.RequestMappingHandlerMapping : Mapped "{[/mgr/user_info]}" onto public java.lang.String com.gaowh.scaffold.modular.system.controller.UserMgrController.userInfo(org.springframework.ui.Model)
2017-07-04 17:17:46.566  INFO 3484 --- [main] s.w.s.m.m.a.RequestMappingHandlerMapping : Mapped "{[/mgr/view/{userId}]}" onto public com.gaowh.scaffold.common.persistence.model.User com.gaowh.scaffold.modular.system.controller.UserMgrController.view(java.lang.Integer)
2017-07-04 17:17:46.566  INFO 3484 --- [main] s.w.s.m.m.a.RequestMappingHandlerMapping : Mapped "{[/mgr/setRole]}" onto public com.gaowh.scaffold.common.constant.tips.Tip com.gaowh.scaffold.modular.system.controller.UserMgrController.setRole(java.lang.Integer,java.lang.String)
2017-07-04 17:17:46.566  INFO 3484 --- [main] s.w.s.m.m.a.RequestMappingHandlerMapping : Mapped "{[/mgr/edit]}" onto public com.gaowh.scaffold.common.constant.tips.Tip com.gaowh.scaffold.modular.system.controller.UserMgrController.edit(com.gaowh.scaffold.modular.system.transfer.UserDto,org.springframework.validation.BindingResult) throws javax.naming.NoPermissionException
2017-07-04 17:17:46.566  INFO 3484 --- [main] s.w.s.m.m.a.RequestMappingHandlerMapping : Mapped "{[/mgr/role_assign/{userId}]}" onto public java.lang.String com.gaowh.scaffold.modular.system.controller.UserMgrController.roleAssign(java.lang.Integer,org.springframework.ui.Model)
2017-07-04 17:17:46.566  INFO 3484 --- [main] s.w.s.m.m.a.RequestMappingHandlerMapping : Mapped "{[/mgr/upload],methods=[POST]}" onto public java.lang.String com.gaowh.scaffold.modular.system.controller.UserMgrController.upload(org.springframework.web.multipart.MultipartFile)
2017-07-04 17:17:46.566  INFO 3484 --- [main] s.w.s.m.m.a.RequestMappingHandlerMapping : Mapped "{[/mgr/user_add]}" onto public java.lang.String com.gaowh.scaffold.modular.system.controller.UserMgrController.addView()
2017-07-04 17:17:46.566  INFO 3484 --- [main] s.w.s.m.m.a.RequestMappingHandlerMapping : Mapped "{[/mgr/user_chpwd]}" onto public java.lang.String com.gaowh.scaffold.modular.system.controller.UserMgrController.chPwd()
2017-07-04 17:17:46.566  INFO 3484 --- [main] s.w.s.m.m.a.RequestMappingHandlerMapping : Mapped "{[/mgr/unfreeze]}" onto public com.gaowh.scaffold.common.constant.tips.Tip com.gaowh.scaffold.modular.system.controller.UserMgrController.unfreeze(java.lang.Integer)
2017-07-04 17:17:46.566  INFO 3484 --- [main] s.w.s.m.m.a.RequestMappingHandlerMapping : Mapped "{[/mgr/user_edit/{userId}]}" onto public java.lang.String com.gaowh.scaffold.modular.system.controller.UserMgrController.userEdit(java.lang.Integer,org.springframework.ui.Model)
2017-07-04 17:17:46.566  INFO 3484 --- [main] s.w.s.m.m.a.RequestMappingHandlerMapping : Mapped "{[/mgr/freeze]}" onto public com.gaowh.scaffold.common.constant.tips.Tip com.gaowh.scaffold.modular.system.controller.UserMgrController.freeze(java.lang.Integer)
2017-07-04 17:17:46.566  INFO 3484 --- [main] s.w.s.m.m.a.RequestMappingHandlerMapping : Mapped "{[/mgr/changePwd]}" onto public java.lang.Object com.gaowh.scaffold.modular.system.controller.UserMgrController.changePwd(java.lang.String,java.lang.String,java.lang.String)
2017-07-04 17:17:46.566  INFO 3484 --- [main] s.w.s.m.m.a.RequestMappingHandlerMapping : Mapped "{[/v2/api-docs],methods=[GET]}" onto public org.springframework.http.ResponseEntity<springfox.documentation.spring.web.json.Json> springfox.documentation.swagger2.web.Swagger2Controller.getDocumentation(java.lang.String)
2017-07-04 17:17:46.566  INFO 3484 --- [main] s.w.s.m.m.a.RequestMappingHandlerMapping : Mapped "{[/configuration/security]}" onto org.springframework.http.ResponseEntity<springfox.documentation.swagger.web.SecurityConfiguration> springfox.documentation.swagger.web.ApiResourceController.securityConfiguration()
2017-07-04 17:17:46.566  INFO 3484 --- [main] s.w.s.m.m.a.RequestMappingHandlerMapping : Mapped "{[/configuration/ui]}" onto org.springframework.http.ResponseEntity<springfox.documentation.swagger.web.UiConfiguration> springfox.documentation.swagger.web.ApiResourceController.uiConfiguration()
2017-07-04 17:17:46.566  INFO 3484 --- [main] s.w.s.m.m.a.RequestMappingHandlerMapping : Mapped "{[/swagger-resources]}" onto org.springframework.http.ResponseEntity<java.util.List<springfox.documentation.swagger.web.SwaggerResource>> springfox.documentation.swagger.web.ApiResourceController.swaggerResources()
2017-07-04 17:17:46.566  INFO 3484 --- [main] s.w.s.m.m.a.RequestMappingHandlerMapping : Mapped "{[/error]}" onto public org.springframework.http.ResponseEntity<java.util.Map<java.lang.String, java.lang.Object>> org.springframework.boot.autoconfigure.web.BasicErrorController.error(javax.servlet.http.HttpServletRequest)
2017-07-04 17:17:46.566  INFO 3484 --- [main] s.w.s.m.m.a.RequestMappingHandlerMapping : Mapped "{[/error],produces=[text/html]}" onto public org.springframework.web.servlet.ModelAndView org.springframework.boot.autoconfigure.web.BasicErrorController.errorHtml(javax.servlet.http.HttpServletRequest,javax.servlet.http.HttpServletResponse)
2017-07-04 17:17:48.832  INFO 3484 --- [main] s.w.s.m.m.a.RequestMappingHandlerAdapter : Looking for @ControllerAdvice: org.springframework.web.context.support.GenericWebApplicationContext@7bbc8656: startup date [Tue Jul 04 17:17:37 CST 2017]; root of context hierarchy
2017-07-04 17:17:49.072  INFO 3484 --- [main] o.s.w.s.handler.SimpleUrlHandlerMapping  : Mapped URL path [/swagger-ui.html] onto handler of type [class org.springframework.web.servlet.resource.ResourceHttpRequestHandler]
2017-07-04 17:17:49.072  INFO 3484 --- [main] o.s.w.s.handler.SimpleUrlHandlerMapping  : Mapped URL path [/webjars/**] onto handler of type [class org.springframework.web.servlet.resource.ResourceHttpRequestHandler]
2017-07-04 17:17:49.072  INFO 3484 --- [main] o.s.w.s.handler.SimpleUrlHandlerMapping  : Mapped URL path [/static/**] onto handler of type [class org.springframework.web.servlet.resource.ResourceHttpRequestHandler]
2017-07-04 17:17:49.119  INFO 3484 --- [main] .m.m.a.ExceptionHandlerExceptionResolver : Detected @ExceptionHandler methods in globalExceptionHandler
2017-07-04 17:17:49.197  INFO 3484 --- [main] o.s.w.s.handler.SimpleUrlHandlerMapping  : Mapped URL path [/**/favicon.ico] onto handler of type [class org.springframework.web.servlet.resource.ResourceHttpRequestHandler]
2017-07-04 17:17:50.233  INFO 3484 --- [main] d.s.w.p.DocumentationPluginsBootstrapper : Context refreshed
2017-07-04 17:17:50.249  INFO 3484 --- [main] d.s.w.p.DocumentationPluginsBootstrapper : Found {0} custom documentation plugin(s)
2017-07-04 17:17:50.265  INFO 3484 --- [main] s.d.s.w.s.ApiListingReferenceScanner     : Scanning for api listing references
2017-07-04 17:17:50.265  INFO 3484 --- [main] s.w.ClassOrApiAnnotationResourceGrouping : Group for method add was code-controller
2017-07-04 17:17:50.265  INFO 3484 --- [main] s.d.s.w.s.ApiListingReferenceScanner     : Request mapping: add belongs to groups: [[ResourceGroup{groupName='code-controller', position=0, controller=com.gaowh.scaffold.modular.system.controller.CodeController}]]
2017-07-04 17:17:50.265  INFO 3484 --- [main] s.w.ClassOrApiAnnotationResourceGrouping : Group for method test was code-controller
2017-07-04 17:17:50.265  INFO 3484 --- [main] s.d.s.w.s.ApiListingReferenceScanner     : Request mapping: test belongs to groups: [[ResourceGroup{groupName='code-controller', position=0, controller=com.gaowh.scaffold.modular.system.controller.CodeController}]]
2017-07-04 17:17:50.265  INFO 3484 --- [main] s.w.ClassOrApiAnnotationResourceGrouping : Group for method add was test-swagger-controller
2017-07-04 17:17:50.265  INFO 3484 --- [main] s.d.s.w.s.ApiListingReferenceScanner     : Request mapping: add belongs to groups: [[ResourceGroup{groupName='test-swagger-controller', position=0, controller=com.gaowh.scaffold.modular.system.controller.TestSwaggerController}]]
2017-07-04 17:17:50.265  INFO 3484 --- [main] s.w.ClassOrApiAnnotationResourceGrouping : Group for method test was test-swagger-controller
2017-07-04 17:17:50.265  INFO 3484 --- [main] s.d.s.w.s.ApiListingReferenceScanner     : Request mapping: test belongs to groups: [[ResourceGroup{groupName='test-swagger-controller', position=0, controller=com.gaowh.scaffold.modular.system.controller.TestSwaggerController}]]
2017-07-04 17:17:50.280  INFO 3484 --- [main] s.d.s.w.s.ApiListingReferenceScanner     : Created resource listing Path: /default/test-swagger-controller Description: test-swagger-controller Position: 0
2017-07-04 17:17:50.280  INFO 3484 --- [main] s.d.s.w.s.ApiListingReferenceScanner     : Created resource listing Path: /default/code-controller Description: code-controller Position: 0
2017-07-04 17:17:50.296  INFO 3484 --- [main] s.d.schema.ModelContextKeyGenerator      : Cache Key Generated: java.lang.Object(true)
2017-07-04 17:17:50.296  INFO 3484 --- [main] s.d.spring.web.caching.CachingAspect     : Caching aspect applied for cache models with key java.lang.Object(true)
2017-07-04 17:17:50.296  INFO 3484 --- [main] s.d.schema.ModelContextKeyGenerator      : Cache Key Generated: java.lang.Object(true)
2017-07-04 17:17:50.296  INFO 3484 --- [main] s.d.spring.web.caching.CachingAspect     : Caching aspect applied for cache modelDependencies with key java.lang.Object(true)
2017-07-04 17:17:50.312  INFO 3484 --- [main] s.d.spring.web.OperationsKeyGenerator    : Cache key generated: /code/generate.com.gaowh.scaffold.modular.system.controller.CodeController.add.DefaultGenericTypeNamingStrategy
2017-07-04 17:17:50.312  INFO 3484 --- [main] s.d.spring.web.caching.CachingAspect     : Caching aspect applied for cache operations with key /code/generate.com.gaowh.scaffold.modular.system.controller.CodeController.add.DefaultGenericTypeNamingStrategy
2017-07-04 17:17:50.327  INFO 3484 --- [main] s.w.ClassOrApiAnnotationResourceGrouping : Group for method add was code-controller
2017-07-04 17:17:50.343  INFO 3484 --- [main] s.w.ClassOrApiAnnotationResourceGrouping : Group for method add was code-controller
2017-07-04 17:17:50.358  INFO 3484 --- [main] s.d.schema.ModelContextKeyGenerator      : Cache Key Generated: java.lang.String(true)
2017-07-04 17:17:50.358  INFO 3484 --- [main] s.d.spring.web.caching.CachingAspect     : Caching aspect applied for cache models with key java.lang.String(true)
2017-07-04 17:17:50.358  INFO 3484 --- [main] s.d.schema.ModelContextKeyGenerator      : Cache Key Generated: java.lang.String(true)
2017-07-04 17:17:50.358  INFO 3484 --- [main] s.d.spring.web.caching.CachingAspect     : Caching aspect applied for cache modelDependencies with key java.lang.String(true)
2017-07-04 17:17:50.358  INFO 3484 --- [main] s.d.spring.web.OperationsKeyGenerator    : Cache key generated: /code/test.com.gaowh.scaffold.modular.system.controller.CodeController.test.DefaultGenericTypeNamingStrategy
2017-07-04 17:17:50.358  INFO 3484 --- [main] s.d.spring.web.caching.CachingAspect     : Caching aspect applied for cache operations with key /code/test.com.gaowh.scaffold.modular.system.controller.CodeController.test.DefaultGenericTypeNamingStrategy
2017-07-04 17:17:50.358  INFO 3484 --- [main] s.w.ClassOrApiAnnotationResourceGrouping : Group for method test was code-controller
2017-07-04 17:17:50.358  INFO 3484 --- [main] s.w.ClassOrApiAnnotationResourceGrouping : Group for method test was code-controller
2017-07-04 17:17:50.374  INFO 3484 --- [main] s.d.schema.ModelContextKeyGenerator      : Cache Key Generated: java.lang.Object(true)
2017-07-04 17:17:50.374  INFO 3484 --- [main] s.d.spring.web.caching.CachingAspect     : Caching aspect applied for cache models with key java.lang.Object(true)
2017-07-04 17:17:50.374  INFO 3484 --- [main] s.d.schema.ModelContextKeyGenerator      : Cache Key Generated: java.lang.Object(true)
2017-07-04 17:17:50.374  INFO 3484 --- [main] s.d.spring.web.caching.CachingAspect     : Caching aspect applied for cache modelDependencies with key java.lang.Object(true)
2017-07-04 17:17:50.374  INFO 3484 --- [main] s.d.spring.web.OperationsKeyGenerator    : Cache key generated: /order/order.com.gaowh.scaffold.modular.system.controller.TestSwaggerController.add.DefaultGenericTypeNamingStrategy
2017-07-04 17:17:50.374  INFO 3484 --- [main] s.d.spring.web.caching.CachingAspect     : Caching aspect applied for cache operations with key /order/order.com.gaowh.scaffold.modular.system.controller.TestSwaggerController.add.DefaultGenericTypeNamingStrategy
2017-07-04 17:17:50.374  INFO 3484 --- [main] s.w.ClassOrApiAnnotationResourceGrouping : Group for method add was test-swagger-controller
2017-07-04 17:17:50.374  INFO 3484 --- [main] s.w.ClassOrApiAnnotationResourceGrouping : Group for method add was test-swagger-controller
2017-07-04 17:17:50.374  INFO 3484 --- [main] .d.s.w.r.o.CachingOperationNameGenerator : Generating unique operation named: addUsingPOST_1
2017-07-04 17:17:50.374  INFO 3484 --- [main] s.d.schema.ModelContextKeyGenerator      : Cache Key Generated: java.lang.String(true)
2017-07-04 17:17:50.374  INFO 3484 --- [main] s.d.spring.web.caching.CachingAspect     : Caching aspect applied for cache models with key java.lang.String(true)
2017-07-04 17:17:50.374  INFO 3484 --- [main] s.d.schema.ModelContextKeyGenerator      : Cache Key Generated: java.lang.String(true)
2017-07-04 17:17:50.374  INFO 3484 --- [main] s.d.spring.web.caching.CachingAspect     : Caching aspect applied for cache modelDependencies with key java.lang.String(true)
2017-07-04 17:17:50.374  INFO 3484 --- [main] s.d.spring.web.OperationsKeyGenerator    : Cache key generated: /order/test.com.gaowh.scaffold.modular.system.controller.TestSwaggerController.test.DefaultGenericTypeNamingStrategy
2017-07-04 17:17:50.374  INFO 3484 --- [main] s.d.spring.web.caching.CachingAspect     : Caching aspect applied for cache operations with key /order/test.com.gaowh.scaffold.modular.system.controller.TestSwaggerController.test.DefaultGenericTypeNamingStrategy
2017-07-04 17:17:50.374  INFO 3484 --- [main] s.w.ClassOrApiAnnotationResourceGrouping : Group for method test was test-swagger-controller
2017-07-04 17:17:50.374  INFO 3484 --- [main] s.w.ClassOrApiAnnotationResourceGrouping : Group for method test was test-swagger-controller
2017-07-04 17:17:50.390  INFO 3484 --- [main] .d.s.w.r.o.CachingOperationNameGenerator : Generating unique operation named: testUsingPOST_1
2017-07-04 17:17:50.405  INFO 3484 --- [main] BizTest           : Started BizTest in 13.049 seconds (JVM running for 13.859)
2017-07-04 17:17:50.476  INFO 3484 --- [main] o.s.b.t.m.w.SpringBootMockServletContext : Initializing Spring FrameworkServlet ''
2017-07-04 17:17:50.476  INFO 3484 --- [main] o.s.t.web.servlet.TestDispatcherServlet  : FrameworkServlet '': initialization started
2017-07-04 17:17:50.560  INFO 3484 --- [main] o.s.t.web.servlet.TestDispatcherServlet  : FrameworkServlet '': initialization completed in 84 ms
2017-07-04 17:17:50.638  INFO 3484 --- [main] .b.t.c.SpringBootTestContextBootstrapper : Neither @ContextConfiguration nor @ContextHierarchy found for test class [BlackBoardTest], using SpringBootContextLoader
2017-07-04 17:17:50.638  INFO 3484 --- [main] o.s.t.c.support.AbstractContextLoader    : Could not detect default resource locations for test class [BlackBoardTest]: no resource found for suffixes {-context.xml, Context.groovy}.
2017-07-04 17:17:50.653  INFO 3484 --- [main] .b.t.c.SpringBootTestContextBootstrapper : Loaded default TestExecutionListener class names from location [META-INF/spring.factories]: [org.springframework.boot.test.mock.mockito.MockitoTestExecutionListener, org.springframework.boot.test.mock.mockito.ResetMocksTestExecutionListener, org.springframework.boot.test.autoconfigure.restdocs.RestDocsTestExecutionListener, org.springframework.boot.test.autoconfigure.web.client.MockRestServiceServerResetTestExecutionListener, org.springframework.boot.test.autoconfigure.web.servlet.MockMvcPrintOnlyOnFailureTestExecutionListener, org.springframework.boot.test.autoconfigure.web.servlet.WebDriverTestExecutionListener, org.springframework.test.context.web.ServletTestExecutionListener, org.springframework.test.context.support.DirtiesContextBeforeModesTestExecutionListener, org.springframework.test.context.support.DependencyInjectionTestExecutionListener, org.springframework.test.context.support.DirtiesContextTestExecutionListener, org.springframework.test.context.transaction.TransactionalTestExecutionListener, org.springframework.test.context.jdbc.SqlScriptsTestExecutionListener]
2017-07-04 17:17:50.653  INFO 3484 --- [main] .b.t.c.SpringBootTestContextBootstrapper : Using TestExecutionListeners: [org.springframework.test.context.web.ServletTestExecutionListener@178617da, org.springframework.test.context.support.DirtiesContextBeforeModesTestExecutionListener@d408c5d, org.springframework.boot.test.autoconfigure.SpringBootDependencyInjectionTestExecutionListener@74ed1d35, org.springframework.test.context.support.DirtiesContextTestExecutionListener@7acf07b2, org.springframework.test.context.transaction.TransactionalTestExecutionListener@5d50e7f6, org.springframework.test.context.jdbc.SqlScriptsTestExecutionListener@54fbaa65, org.springframework.boot.test.autoconfigure.web.servlet.WebDriverTestExecutionListener@48e3017a, org.springframework.boot.test.mock.mockito.MockitoTestExecutionListener@4a937d43, org.springframework.boot.test.autoconfigure.web.servlet.MockMvcPrintOnlyOnFailureTestExecutionListener@10264cb0, org.springframework.boot.test.mock.mockito.ResetMocksTestExecutionListener@19877453, org.springframework.boot.test.autoconfigure.restdocs.RestDocsTestExecutionListener@49bf5ec8, org.springframework.boot.test.autoconfigure.web.client.MockRestServiceServerResetTestExecutionListener@18174bd9]
2017-07-04 17:17:50.669  INFO 3484 --- [main] o.s.b.t.m.w.SpringBootMockServletContext : Initializing Spring FrameworkServlet ''
2017-07-04 17:17:50.669  INFO 3484 --- [main] o.s.t.web.servlet.TestDispatcherServlet  : FrameworkServlet '': initialization started
2017-07-04 17:17:50.685  INFO 3484 --- [main] o.s.t.web.servlet.TestDispatcherServlet  : FrameworkServlet '': initialization completed in 16 ms
2017-07-04 17:17:50.974  INFO 3484 --- [Thread-4] o.s.w.c.s.GenericWebApplicationContext   : Closing org.springframework.web.context.support.GenericWebApplicationContext@7bbc8656: startup date [Tue Jul 04 17:17:37 CST 2017]; root of context hierarchy
2017-07-04 17:17:50.991  INFO 3484 --- [Thread-4] com.alibaba.druid.pool.DruidDataSource   : {dataSource-1} closed
2017-07-04 17:17:50.993  INFO 3484 --- [Thread-4] o.s.c.ehcache.EhCacheManagerFactoryBean  : Shutting down EhCache CacheManager
2017-07-04 17:18:04.128  INFO 7020 --- [main] com.gaowh.scaffold.scaffoldApplication       : Starting scaffoldApplication on gaowh with PID 7020 (G:\workspace\scaffold\target\classes started by vcyber in G:\workspace\scaffold)
2017-07-04 17:18:04.128  INFO 7020 --- [main] com.gaowh.scaffold.scaffoldApplication       : The following profiles are active: dev
2017-07-04 17:18:04.238  INFO 7020 --- [main] ationConfigEmbeddedWebApplicationContext : Refreshing org.springframework.boot.context.embedded.AnnotationConfigEmbeddedWebApplicationContext@7dc3712: startup date [Tue Jul 04 17:18:04 CST 2017]; root of context hierarchy
2017-07-04 17:18:05.921  INFO 7020 --- [main] trationDelegate$BeanPostProcessorChecker : Bean 'shiroConfig' of type [com.gaowh.scaffold.config.web.ShiroConfig$$EnhancerBySpringCGLIB$$852e3576] is not eligible for getting processed by all BeanPostProcessors (for example: not eligible for auto-proxying)
2017-07-04 17:18:05.987  INFO 7020 --- [main] trationDelegate$BeanPostProcessorChecker : Bean 'webConfig' of type [com.gaowh.scaffold.config.web.WebConfig$$EnhancerBySpringCGLIB$$1f12c6b9] is not eligible for getting processed by all BeanPostProcessors (for example: not eligible for auto-proxying)
2017-07-04 17:18:06.022  INFO 7020 --- [main] trationDelegate$BeanPostProcessorChecker : Bean 'rememberMeCookie' of type [org.apache.shiro.web.servlet.SimpleCookie] is not eligible for getting processed by all BeanPostProcessors (for example: not eligible for auto-proxying)
2017-07-04 17:18:06.249  INFO 7020 --- [main] trationDelegate$BeanPostProcessorChecker : Bean 'rememberMeManager' of type [org.apache.shiro.web.mgt.CookieRememberMeManager] is not eligible for getting processed by all BeanPostProcessors (for example: not eligible for auto-proxying)
2017-07-04 17:18:06.265  INFO 7020 --- [main] trationDelegate$BeanPostProcessorChecker : Bean 'ehCacheConfig' of type [com.gaowh.scaffold.config.EhCacheConfig$$EnhancerBySpringCGLIB$$903db57e] is not eligible for getting processed by all BeanPostProcessors (for example: not eligible for auto-proxying)
2017-07-04 17:18:06.265  INFO 7020 --- [main] o.s.c.ehcache.EhCacheManagerFactoryBean  : Initializing EhCache CacheManager
2017-07-04 17:18:06.358  INFO 7020 --- [main] trationDelegate$BeanPostProcessorChecker : Bean 'ehcache' of type [org.springframework.cache.ehcache.EhCacheManagerFactoryBean] is not eligible for getting processed by all BeanPostProcessors (for example: not eligible for auto-proxying)
2017-07-04 17:18:06.374  INFO 7020 --- [main] trationDelegate$BeanPostProcessorChecker : Bean 'getCacheShiroManager' of type [org.apache.shiro.cache.ehcache.EhCacheManager] is not eligible for getting processed by all BeanPostProcessors (for example: not eligible for auto-proxying)
2017-07-04 17:18:06.499  INFO 7020 --- [main] trationDelegate$BeanPostProcessorChecker : Bean 'scaffoldProperties' of type [com.gaowh.scaffold.config.properties.scaffoldProperties] is not eligible for getting processed by all BeanPostProcessors (for example: not eligible for auto-proxying)
2017-07-04 17:18:06.519  INFO 7020 --- [main] trationDelegate$BeanPostProcessorChecker : Bean 'defaultWebSessionManager' of type [org.apache.shiro.web.session.mgt.DefaultWebSessionManager] is not eligible for getting processed by all BeanPostProcessors (for example: not eligible for auto-proxying)
2017-07-04 17:18:06.546  INFO 7020 --- [main] trationDelegate$BeanPostProcessorChecker : Bean 'shiroDbRealm' of type [com.gaowh.scaffold.core.shiro.ShiroDbRealm] is not eligible for getting processed by all BeanPostProcessors (for example: not eligible for auto-proxying)
2017-07-04 17:18:06.546  INFO 7020 --- [main] o.a.shiro.cache.ehcache.EhCacheManager   : Cache with name 'com.gaowh.scaffold.core.shiro.ShiroDbRealm.authorizationCache' does not yet exist.  Creating now.
2017-07-04 17:18:06.546  INFO 7020 --- [main] o.a.shiro.cache.ehcache.EhCacheManager   : Added EhCache named [com.gaowh.scaffold.core.shiro.ShiroDbRealm.authorizationCache]
2017-07-04 17:18:06.562  INFO 7020 --- [main] trationDelegate$BeanPostProcessorChecker : Bean 'securityManager' of type [org.apache.shiro.web.mgt.DefaultWebSecurityManager] is not eligible for getting processed by all BeanPostProcessors (for example: not eligible for auto-proxying)
2017-07-04 17:18:06.562  INFO 7020 --- [main] trationDelegate$BeanPostProcessorChecker : Bean 'methodInvokingFactoryBean' of type [org.springframework.beans.factory.config.MethodInvokingFactoryBean] is not eligible for getting processed by all BeanPostProcessors (for example: not eligible for auto-proxying)
2017-07-04 17:18:06.624  INFO 7020 --- [main] trationDelegate$BeanPostProcessorChecker : Bean 'authorizationAttributeSourceAdvisor' of type [org.apache.shiro.spring.security.interceptor.AuthorizationAttributeSourceAdvisor] is not eligible for getting processed by all BeanPostProcessors (for example: not eligible for auto-proxying)
2017-07-04 17:18:06.640  INFO 7020 --- [main] trationDelegate$BeanPostProcessorChecker : Bean 'druidStatPointcut' of type [org.springframework.aop.support.JdkRegexpMethodPointcut] is not eligible for getting processed by all BeanPostProcessors (for example: not eligible for auto-proxying)
2017-07-04 17:18:06.655  INFO 7020 --- [main] trationDelegate$BeanPostProcessorChecker : Bean 'druidStatInterceptor' of type [com.alibaba.druid.support.spring.stat.DruidStatInterceptor] is not eligible for getting processed by all BeanPostProcessors (for example: not eligible for auto-proxying)
2017-07-04 17:18:06.655  INFO 7020 --- [main] trationDelegate$BeanPostProcessorChecker : Bean 'druidStatAdvisor' of type [org.springframework.aop.support.DefaultPointcutAdvisor] is not eligible for getting processed by all BeanPostProcessors (for example: not eligible for auto-proxying)
2017-07-04 17:18:06.718  INFO 7020 --- [main] trationDelegate$BeanPostProcessorChecker : Bean 'org.springframework.transaction.annotation.ProxyTransactionManagementConfiguration' of type [org.springframework.transaction.annotation.ProxyTransactionManagementConfiguration$$EnhancerBySpringCGLIB$$72d9bd3b] is not eligible for getting processed by all BeanPostProcessors (for example: not eligible for auto-proxying)
2017-07-04 17:18:06.921  INFO 7020 --- [main] trationDelegate$BeanPostProcessorChecker : Bean 'org.springframework.cache.annotation.ProxyCachingConfiguration' of type [org.springframework.cache.annotation.ProxyCachingConfiguration$$EnhancerBySpringCGLIB$$bbebf359] is not eligible for getting processed by all BeanPostProcessors (for example: not eligible for auto-proxying)
2017-07-04 17:18:07.594  INFO 7020 --- [main] s.b.c.e.t.TomcatEmbeddedServletContainer : Tomcat initialized with port(s): 8088 (http)
2017-07-04 17:18:07.594  INFO 7020 --- [main] o.apache.catalina.core.StandardService   : Starting service Tomcat
2017-07-04 17:18:07.594  INFO 7020 --- [main] org.apache.catalina.core.StandardEngine  : Starting Servlet Engine: Apache Tomcat/8.5.14
2017-07-04 17:18:07.703  INFO 7020 --- [localhost-startStop-1] o.a.c.c.C.[Tomcat].[localhost].[/]       : Initializing Spring embedded WebApplicationContext
2017-07-04 17:18:07.703  INFO 7020 --- [localhost-startStop-1] o.s.web.context.ContextLoader            : Root WebApplicationContext: initialization completed in 3465 ms
2017-07-04 17:18:08.421  INFO 7020 --- [localhost-startStop-1] o.s.b.w.servlet.ServletRegistrationBean  : Mapping servlet: 'statViewServlet' to [/druid/*]
2017-07-04 17:18:08.421  INFO 7020 --- [localhost-startStop-1] o.s.b.w.servlet.ServletRegistrationBean  : Mapping servlet: 'dispatcherServlet' to [/]
2017-07-04 17:18:08.421  INFO 7020 --- [localhost-startStop-1] o.s.b.w.servlet.FilterRegistrationBean   : Mapping filter: 'characterEncodingFilter' to: [/*]
2017-07-04 17:18:08.421  INFO 7020 --- [localhost-startStop-1] o.s.b.w.servlet.FilterRegistrationBean   : Mapping filter: 'hiddenHttpMethodFilter' to: [/*]
2017-07-04 17:18:08.421  INFO 7020 --- [localhost-startStop-1] o.s.b.w.servlet.FilterRegistrationBean   : Mapping filter: 'httpPutFormContentFilter' to: [/*]
2017-07-04 17:18:08.421  INFO 7020 --- [localhost-startStop-1] o.s.b.w.servlet.FilterRegistrationBean   : Mapping filter: 'requestContextFilter' to: [/*]
2017-07-04 17:18:08.421  INFO 7020 --- [localhost-startStop-1] o.s.b.w.servlet.FilterRegistrationBean   : Mapping filter: 'webStatFilter' to urls: [/*]
2017-07-04 17:18:08.421  INFO 7020 --- [localhost-startStop-1] o.s.b.w.servlet.FilterRegistrationBean   : Mapping filter: 'xssFilter' to urls: [/*]
2017-07-04 17:18:08.421  INFO 7020 --- [localhost-startStop-1] o.s.b.w.servlet.FilterRegistrationBean   : Mapping filter: 'shiroFilter' to: [/*]
2017-07-04 17:18:10.295  INFO 7020 --- [main] com.alibaba.druid.pool.DruidDataSource   : {dataSource-1} inited
2017-07-04 17:18:13.935  INFO 7020 --- [main] s.w.s.m.m.a.RequestMappingHandlerMapping : Mapped "{[/global/error]}" onto public java.lang.String com.gaowh.scaffold.common.controller.GlobalController.errorPage()
2017-07-04 17:18:13.935  INFO 7020 --- [main] s.w.s.m.m.a.RequestMappingHandlerMapping : Mapped "{[/global/sessionError]}" onto public java.lang.String com.gaowh.scaffold.common.controller.GlobalController.errorPageInfo(org.springframework.ui.Model)
2017-07-04 17:18:13.935  INFO 7020 --- [main] s.w.s.m.m.a.RequestMappingHandlerMapping : Mapped "{[/eDriving]}" onto public java.lang.String com.gaowh.scaffold.modular.eDriving.controller.EDrivingController.index()
2017-07-04 17:18:13.935  INFO 7020 --- [main] s.w.s.m.m.a.RequestMappingHandlerMapping : Mapped "{[/eDriving/add]}" onto public java.lang.Object com.gaowh.scaffold.modular.eDriving.controller.EDrivingController.add(com.gaowh.scaffold.common.persistence.model.EDriving)
2017-07-04 17:18:13.935  INFO 7020 --- [main] s.w.s.m.m.a.RequestMappingHandlerMapping : Mapped "{[/eDriving/update]}" onto public java.lang.Object com.gaowh.scaffold.modular.eDriving.controller.EDrivingController.update(com.gaowh.scaffold.common.persistence.model.EDriving)
2017-07-04 17:18:13.935  INFO 7020 --- [main] s.w.s.m.m.a.RequestMappingHandlerMapping : Mapped "{[/eDriving/delete]}" onto public java.lang.Object com.gaowh.scaffold.modular.eDriving.controller.EDrivingController.delete(java.lang.Integer)
2017-07-04 17:18:13.935  INFO 7020 --- [main] s.w.s.m.m.a.RequestMappingHandlerMapping : Mapped "{[/eDriving/list]}" onto public java.lang.Object com.gaowh.scaffold.modular.eDriving.controller.EDrivingController.list(java.lang.String)
2017-07-04 17:18:13.935  INFO 7020 --- [main] s.w.s.m.m.a.RequestMappingHandlerMapping : Mapped "{[/eDriving/detail]}" onto public java.lang.Object com.gaowh.scaffold.modular.eDriving.controller.EDrivingController.detail()
2017-07-04 17:18:13.935  INFO 7020 --- [main] s.w.s.m.m.a.RequestMappingHandlerMapping : Mapped "{[/eDriving/eDriving_update/{eDrivingId}]}" onto public java.lang.String com.gaowh.scaffold.modular.eDriving.controller.EDrivingController.eDrivingUpdate(java.lang.Integer,org.springframework.ui.Model)
2017-07-04 17:18:13.935  INFO 7020 --- [main] s.w.s.m.m.a.RequestMappingHandlerMapping : Mapped "{[/eDriving/eDriving_add]}" onto public java.lang.String com.gaowh.scaffold.modular.eDriving.controller.EDrivingController.eDrivingAdd()
2017-07-04 17:18:13.935  INFO 7020 --- [main] s.w.s.m.m.a.RequestMappingHandlerMapping : Mapped "{[/blackboard]}" onto public java.lang.String com.gaowh.scaffold.modular.system.controller.BlackboardController.blackboard(org.springframework.ui.Model)
2017-07-04 17:18:13.935  INFO 7020 --- [main] s.w.s.m.m.a.RequestMappingHandlerMapping : Mapped "{[/code]}" onto public java.lang.String com.gaowh.scaffold.modular.system.controller.CodeController.index()
2017-07-04 17:18:13.935  INFO 7020 --- [main] s.w.s.m.m.a.RequestMappingHandlerMapping : Mapped "{[/code/generate],methods=[POST]}" onto public java.lang.Object com.gaowh.scaffold.modular.system.controller.CodeController.add(java.lang.String,java.lang.String,java.lang.String,java.lang.String)
2017-07-04 17:18:13.950  INFO 7020 --- [main] s.w.s.m.m.a.RequestMappingHandlerMapping : Mapped "{[/code/test],methods=[POST]}" onto public java.lang.String com.gaowh.scaffold.modular.system.controller.CodeController.test(java.lang.String)
2017-07-04 17:18:13.950  INFO 7020 --- [main] s.w.s.m.m.a.RequestMappingHandlerMapping : Mapped "{[/dept]}" onto public java.lang.String com.gaowh.scaffold.modular.system.controller.DeptController.index()
2017-07-04 17:18:13.950  INFO 7020 --- [main] s.w.s.m.m.a.RequestMappingHandlerMapping : Mapped "{[/dept/add]}" onto public java.lang.Object com.gaowh.scaffold.modular.system.controller.DeptController.add(com.gaowh.scaffold.common.persistence.model.Dept)
2017-07-04 17:18:13.950  INFO 7020 --- [main] s.w.s.m.m.a.RequestMappingHandlerMapping : Mapped "{[/dept/update]}" onto public java.lang.Object com.gaowh.scaffold.modular.system.controller.DeptController.update(com.gaowh.scaffold.common.persistence.model.Dept)
2017-07-04 17:18:13.950  INFO 7020 --- [main] s.w.s.m.m.a.RequestMappingHandlerMapping : Mapped "{[/dept/delete]}" onto public java.lang.Object com.gaowh.scaffold.modular.system.controller.DeptController.delete(java.lang.Integer)
2017-07-04 17:18:13.950  INFO 7020 --- [main] s.w.s.m.m.a.RequestMappingHandlerMapping : Mapped "{[/dept/list]}" onto public java.lang.Object com.gaowh.scaffold.modular.system.controller.DeptController.list(java.lang.String)
2017-07-04 17:18:13.950  INFO 7020 --- [main] s.w.s.m.m.a.RequestMappingHandlerMapping : Mapped "{[/dept/tree]}" onto public java.util.List<com.gaowh.scaffold.common.node.ZTreeNode> com.gaowh.scaffold.modular.system.controller.DeptController.tree()
2017-07-04 17:18:13.950  INFO 7020 --- [main] s.w.s.m.m.a.RequestMappingHandlerMapping : Mapped "{[/dept/detail/{deptId}]}" onto public java.lang.Object com.gaowh.scaffold.modular.system.controller.DeptController.detail(java.lang.Integer)
2017-07-04 17:18:13.950  INFO 7020 --- [main] s.w.s.m.m.a.RequestMappingHandlerMapping : Mapped "{[/dept/dept_update/{deptId}]}" onto public java.lang.String com.gaowh.scaffold.modular.system.controller.DeptController.deptUpdate(java.lang.Integer,org.springframework.ui.Model)
2017-07-04 17:18:13.950  INFO 7020 --- [main] s.w.s.m.m.a.RequestMappingHandlerMapping : Mapped "{[/dept/dept_add]}" onto public java.lang.String com.gaowh.scaffold.modular.system.controller.DeptController.deptAdd()
2017-07-04 17:18:13.950  INFO 7020 --- [main] s.w.s.m.m.a.RequestMappingHandlerMapping : Mapped "{[/dict]}" onto public java.lang.String com.gaowh.scaffold.modular.system.controller.DictController.index()
2017-07-04 17:18:13.950  INFO 7020 --- [main] s.w.s.m.m.a.RequestMappingHandlerMapping : Mapped "{[/dict/add]}" onto public java.lang.Object com.gaowh.scaffold.modular.system.controller.DictController.add(java.lang.String,java.lang.String)
2017-07-04 17:18:13.950  INFO 7020 --- [main] s.w.s.m.m.a.RequestMappingHandlerMapping : Mapped "{[/dict/update]}" onto public java.lang.Object com.gaowh.scaffold.modular.system.controller.DictController.update(java.lang.Integer,java.lang.String,java.lang.String)
2017-07-04 17:18:13.966  INFO 7020 --- [main] s.w.s.m.m.a.RequestMappingHandlerMapping : Mapped "{[/dict/delete]}" onto public java.lang.Object com.gaowh.scaffold.modular.system.controller.DictController.delete(java.lang.Integer)
2017-07-04 17:18:13.969  INFO 7020 --- [main] s.w.s.m.m.a.RequestMappingHandlerMapping : Mapped "{[/dict/list]}" onto public java.lang.Object com.gaowh.scaffold.modular.system.controller.DictController.list(java.lang.String)
2017-07-04 17:18:13.970  INFO 7020 --- [main] s.w.s.m.m.a.RequestMappingHandlerMapping : Mapped "{[/dict/detail/{dictId}]}" onto public java.lang.Object com.gaowh.scaffold.modular.system.controller.DictController.detail(java.lang.Integer)
2017-07-04 17:18:13.971  INFO 7020 --- [main] s.w.s.m.m.a.RequestMappingHandlerMapping : Mapped "{[/dict/dict_edit/{dictId}]}" onto public java.lang.String com.gaowh.scaffold.modular.system.controller.DictController.deptUpdate(java.lang.Integer,org.springframework.ui.Model)
2017-07-04 17:18:13.971  INFO 7020 --- [main] s.w.s.m.m.a.RequestMappingHandlerMapping : Mapped "{[/dict/dict_add]}" onto public java.lang.String com.gaowh.scaffold.modular.system.controller.DictController.deptAdd()
2017-07-04 17:18:13.973  INFO 7020 --- [main] s.w.s.m.m.a.RequestMappingHandlerMapping : Mapped "{[/kaptcha]}" onto public void com.gaowh.scaffold.modular.system.controller.KaptchaController.index(javax.servlet.http.HttpServletRequest,javax.servlet.http.HttpServletResponse)
2017-07-04 17:18:13.973  INFO 7020 --- [main] s.w.s.m.m.a.RequestMappingHandlerMapping : Mapped "{[/kaptcha/{pictureId}]}" onto public void com.gaowh.scaffold.modular.system.controller.KaptchaController.renderPicture(java.lang.String,javax.servlet.http.HttpServletResponse)
2017-07-04 17:18:13.975  INFO 7020 --- [main] s.w.s.m.m.a.RequestMappingHandlerMapping : Mapped "{[/log]}" onto public java.lang.String com.gaowh.scaffold.modular.system.controller.LogController.index()
2017-07-04 17:18:13.976  INFO 7020 --- [main] s.w.s.m.m.a.RequestMappingHandlerMapping : Mapped "{[/log/list]}" onto public java.lang.Object com.gaowh.scaffold.modular.system.controller.LogController.list(java.lang.String,java.lang.String,java.lang.String,java.lang.Integer)
2017-07-04 17:18:13.976  INFO 7020 --- [main] s.w.s.m.m.a.RequestMappingHandlerMapping : Mapped "{[/log/detail/{id}]}" onto public java.lang.Object com.gaowh.scaffold.modular.system.controller.LogController.detail(java.lang.Integer)
2017-07-04 17:18:13.977  INFO 7020 --- [main] s.w.s.m.m.a.RequestMappingHandlerMapping : Mapped "{[/log/delLog]}" onto public java.lang.Object com.gaowh.scaffold.modular.system.controller.LogController.delLog()
2017-07-04 17:18:13.979  INFO 7020 --- [main] s.w.s.m.m.a.RequestMappingHandlerMapping : Mapped "{[/],methods=[GET]}" onto public java.lang.String com.gaowh.scaffold.modular.system.controller.LoginController.index(org.springframework.ui.Model)
2017-07-04 17:18:13.979  INFO 7020 --- [main] s.w.s.m.m.a.RequestMappingHandlerMapping : Mapped "{[/login],methods=[POST]}" onto public java.lang.String com.gaowh.scaffold.modular.system.controller.LoginController.loginVali()
2017-07-04 17:18:13.980  INFO 7020 --- [main] s.w.s.m.m.a.RequestMappingHandlerMapping : Mapped "{[/logout],methods=[GET]}" onto public java.lang.String com.gaowh.scaffold.modular.system.controller.LoginController.logOut()
2017-07-04 17:18:13.981  INFO 7020 --- [main] s.w.s.m.m.a.RequestMappingHandlerMapping : Mapped "{[/login],methods=[GET]}" onto public java.lang.String com.gaowh.scaffold.modular.system.controller.LoginController.login()
2017-07-04 17:18:13.982  INFO 7020 --- [main] s.w.s.m.m.a.RequestMappingHandlerMapping : Mapped "{[/loginLog]}" onto public java.lang.String com.gaowh.scaffold.modular.system.controller.LoginLogController.index()
2017-07-04 17:18:13.982  INFO 7020 --- [main] s.w.s.m.m.a.RequestMappingHandlerMapping : Mapped "{[/loginLog/list]}" onto public java.lang.Object com.gaowh.scaffold.modular.system.controller.LoginLogController.list(java.lang.String,java.lang.String,java.lang.String)
2017-07-04 17:18:13.983  INFO 7020 --- [main] s.w.s.m.m.a.RequestMappingHandlerMapping : Mapped "{[/loginLog/delLoginLog]}" onto public java.lang.Object com.gaowh.scaffold.modular.system.controller.LoginLogController.delLog()
2017-07-04 17:18:13.985  INFO 7020 --- [main] s.w.s.m.m.a.RequestMappingHandlerMapping : Mapped "{[/menu]}" onto public java.lang.String com.gaowh.scaffold.modular.system.controller.MenuController.index()
2017-07-04 17:18:13.985  INFO 7020 --- [main] s.w.s.m.m.a.RequestMappingHandlerMapping : Mapped "{[/menu/add]}" onto public com.gaowh.scaffold.common.constant.tips.Tip com.gaowh.scaffold.modular.system.controller.MenuController.add(com.gaowh.scaffold.common.persistence.model.Menu,org.springframework.validation.BindingResult)
2017-07-04 17:18:13.986  INFO 7020 --- [main] s.w.s.m.m.a.RequestMappingHandlerMapping : Mapped "{[/menu/remove]}" onto public com.gaowh.scaffold.common.constant.tips.Tip com.gaowh.scaffold.modular.system.controller.MenuController.remove(java.lang.Integer)
2017-07-04 17:18:13.986  INFO 7020 --- [main] s.w.s.m.m.a.RequestMappingHandlerMapping : Mapped "{[/menu/list]}" onto public java.lang.Object com.gaowh.scaffold.modular.system.controller.MenuController.list(java.lang.String,java.lang.String)
2017-07-04 17:18:13.986  INFO 7020 --- [main] s.w.s.m.m.a.RequestMappingHandlerMapping : Mapped "{[/menu/view/{menuId}]}" onto public com.gaowh.scaffold.common.constant.tips.Tip com.gaowh.scaffold.modular.system.controller.MenuController.view(java.lang.Integer)
2017-07-04 17:18:13.987  INFO 7020 --- [main] s.w.s.m.m.a.RequestMappingHandlerMapping : Mapped "{[/menu/selectMenuTreeList]}" onto public java.util.List<com.gaowh.scaffold.common.node.ZTreeNode> com.gaowh.scaffold.modular.system.controller.MenuController.selectMenuTreeList()
2017-07-04 17:18:13.987  INFO 7020 --- [main] s.w.s.m.m.a.RequestMappingHandlerMapping : Mapped "{[/menu/menuTreeListByRoleId/{roleId}]}" onto public java.util.List<com.gaowh.scaffold.common.node.ZTreeNode> com.gaowh.scaffold.modular.system.controller.MenuController.menuTreeListByRoleId(java.lang.Integer)
2017-07-04 17:18:13.987  INFO 7020 --- [main] s.w.s.m.m.a.RequestMappingHandlerMapping : Mapped "{[/menu/edit]}" onto public com.gaowh.scaffold.common.constant.tips.Tip com.gaowh.scaffold.modular.system.controller.MenuController.edit(com.gaowh.scaffold.common.persistence.model.Menu,org.springframework.validation.BindingResult)
2017-07-04 17:18:13.988  INFO 7020 --- [main] s.w.s.m.m.a.RequestMappingHandlerMapping : Mapped "{[/menu/menu_edit/{menuId}]}" onto public java.lang.String com.gaowh.scaffold.modular.system.controller.MenuController.menuEdit(java.lang.Integer,org.springframework.ui.Model)
2017-07-04 17:18:13.988  INFO 7020 --- [main] s.w.s.m.m.a.RequestMappingHandlerMapping : Mapped "{[/menu/menu_add]}" onto public java.lang.String com.gaowh.scaffold.modular.system.controller.MenuController.menuAdd()
2017-07-04 17:18:13.988  INFO 7020 --- [main] s.w.s.m.m.a.RequestMappingHandlerMapping : Mapped "{[/menu/menuTreeList]}" onto public java.util.List<com.gaowh.scaffold.common.node.ZTreeNode> com.gaowh.scaffold.modular.system.controller.MenuController.menuTreeList()
2017-07-04 17:18:13.990  INFO 7020 --- [main] s.w.s.m.m.a.RequestMappingHandlerMapping : Mapped "{[/notice]}" onto public java.lang.String com.gaowh.scaffold.modular.system.controller.NoticeController.index()
2017-07-04 17:18:13.990  INFO 7020 --- [main] s.w.s.m.m.a.RequestMappingHandlerMapping : Mapped "{[/notice/add]}" onto public java.lang.Object com.gaowh.scaffold.modular.system.controller.NoticeController.add(com.gaowh.scaffold.common.persistence.model.Notice)
2017-07-04 17:18:13.991  INFO 7020 --- [main] s.w.s.m.m.a.RequestMappingHandlerMapping : Mapped "{[/notice/update]}" onto public java.lang.Object com.gaowh.scaffold.modular.system.controller.NoticeController.update(com.gaowh.scaffold.common.persistence.model.Notice)
2017-07-04 17:18:13.991  INFO 7020 --- [main] s.w.s.m.m.a.RequestMappingHandlerMapping : Mapped "{[/notice/delete]}" onto public java.lang.Object com.gaowh.scaffold.modular.system.controller.NoticeController.delete(java.lang.Integer)
2017-07-04 17:18:13.991  INFO 7020 --- [main] s.w.s.m.m.a.RequestMappingHandlerMapping : Mapped "{[/notice/list]}" onto public java.lang.Object com.gaowh.scaffold.modular.system.controller.NoticeController.list(java.lang.String)
2017-07-04 17:18:13.991  INFO 7020 --- [main] s.w.s.m.m.a.RequestMappingHandlerMapping : Mapped "{[/notice/notice_add]}" onto public java.lang.String com.gaowh.scaffold.modular.system.controller.NoticeController.noticeAdd()
2017-07-04 17:18:13.992  INFO 7020 --- [main] s.w.s.m.m.a.RequestMappingHandlerMapping : Mapped "{[/notice/hello]}" onto public java.lang.String com.gaowh.scaffold.modular.system.controller.NoticeController.hello()
2017-07-04 17:18:13.993  INFO 7020 --- [main] s.w.s.m.m.a.RequestMappingHandlerMapping : Mapped "{[/notice/notice_update/{noticeId}]}" onto public java.lang.String com.gaowh.scaffold.modular.system.controller.NoticeController.noticeUpdate(java.lang.Integer,org.springframework.ui.Model)
2017-07-04 17:18:13.994  INFO 7020 --- [main] s.w.s.m.m.a.RequestMappingHandlerMapping : Mapped "{[/role]}" onto public java.lang.String com.gaowh.scaffold.modular.system.controller.RoleController.index()
2017-07-04 17:18:13.995  INFO 7020 --- [main] s.w.s.m.m.a.RequestMappingHandlerMapping : Mapped "{[/role/add]}" onto public com.gaowh.scaffold.common.constant.tips.Tip com.gaowh.scaffold.modular.system.controller.RoleController.add(com.gaowh.scaffold.common.persistence.model.Role,org.springframework.validation.BindingResult)
2017-07-04 17:18:13.995  INFO 7020 --- [main] s.w.s.m.m.a.RequestMappingHandlerMapping : Mapped "{[/role/remove]}" onto public com.gaowh.scaffold.common.constant.tips.Tip com.gaowh.scaffold.modular.system.controller.RoleController.remove(java.lang.Integer)
2017-07-04 17:18:13.995  INFO 7020 --- [main] s.w.s.m.m.a.RequestMappingHandlerMapping : Mapped "{[/role/list]}" onto public java.lang.Object com.gaowh.scaffold.modular.system.controller.RoleController.list(java.lang.String)
2017-07-04 17:18:13.996  INFO 7020 --- [main] s.w.s.m.m.a.RequestMappingHandlerMapping : Mapped "{[/role/view/{roleId}]}" onto public com.gaowh.scaffold.common.constant.tips.Tip com.gaowh.scaffold.modular.system.controller.RoleController.view(java.lang.Integer)
2017-07-04 17:18:13.996  INFO 7020 --- [main] s.w.s.m.m.a.RequestMappingHandlerMapping : Mapped "{[/role/roleTreeListByUserId/{userId}]}" onto public java.util.List<com.gaowh.scaffold.common.node.ZTreeNode> com.gaowh.scaffold.modular.system.controller.RoleController.roleTreeListByUserId(java.lang.Integer)
2017-07-04 17:18:13.996  INFO 7020 --- [main] s.w.s.m.m.a.RequestMappingHandlerMapping : Mapped "{[/role/edit]}" onto public com.gaowh.scaffold.common.constant.tips.Tip com.gaowh.scaffold.modular.system.controller.RoleController.edit(com.gaowh.scaffold.common.persistence.model.Role,org.springframework.validation.BindingResult)
2017-07-04 17:18:13.997  INFO 7020 --- [main] s.w.s.m.m.a.RequestMappingHandlerMapping : Mapped "{[/role/roleTreeList]}" onto public java.util.List<com.gaowh.scaffold.common.node.ZTreeNode> com.gaowh.scaffold.modular.system.controller.RoleController.roleTreeList()
2017-07-04 17:18:13.997  INFO 7020 --- [main] s.w.s.m.m.a.RequestMappingHandlerMapping : Mapped "{[/role/role_assign/{roleId}]}" onto public java.lang.String com.gaowh.scaffold.modular.system.controller.RoleController.roleAssign(java.lang.Integer,org.springframework.ui.Model)
2017-07-04 17:18:13.997  INFO 7020 --- [main] s.w.s.m.m.a.RequestMappingHandlerMapping : Mapped "{[/role/role_add]}" onto public java.lang.String com.gaowh.scaffold.modular.system.controller.RoleController.roleAdd()
2017-07-04 17:18:13.998  INFO 7020 --- [main] s.w.s.m.m.a.RequestMappingHandlerMapping : Mapped "{[/role/role_edit/{roleId}]}" onto public java.lang.String com.gaowh.scaffold.modular.system.controller.RoleController.roleEdit(java.lang.Integer,org.springframework.ui.Model)
2017-07-04 17:18:13.998  INFO 7020 --- [main] s.w.s.m.m.a.RequestMappingHandlerMapping : Mapped "{[/role/setAuthority]}" onto public com.gaowh.scaffold.common.constant.tips.Tip com.gaowh.scaffold.modular.system.controller.RoleController.setAuthority(java.lang.Integer,java.lang.String)
2017-07-04 17:18:13.999  INFO 7020 --- [main] s.w.s.m.m.a.RequestMappingHandlerMapping : Mapped "{[/order]}" onto public java.lang.String com.gaowh.scaffold.modular.system.controller.TestSwaggerController.index()
2017-07-04 17:18:13.999  INFO 7020 --- [main] s.w.s.m.m.a.RequestMappingHandlerMapping : Mapped "{[/order/order],methods=[POST]}" onto public java.lang.Object com.gaowh.scaffold.modular.system.controller.TestSwaggerController.add(java.lang.String,java.lang.String)
2017-07-04 17:18:13.999  INFO 7020 --- [main] s.w.s.m.m.a.RequestMappingHandlerMapping : Mapped "{[/order/test],methods=[POST]}" onto public java.lang.String com.gaowh.scaffold.modular.system.controller.TestSwaggerController.test(java.lang.String)
2017-07-04 17:18:14.001  INFO 7020 --- [main] s.w.s.m.m.a.RequestMappingHandlerMapping : Mapped "{[/mgr]}" onto public java.lang.String com.gaowh.scaffold.modular.system.controller.UserMgrController.index()
2017-07-04 17:18:14.001  INFO 7020 --- [main] s.w.s.m.m.a.RequestMappingHandlerMapping : Mapped "{[/mgr/add]}" onto public com.gaowh.scaffold.common.constant.tips.Tip com.gaowh.scaffold.modular.system.controller.UserMgrController.add(com.gaowh.scaffold.modular.system.transfer.UserDto,org.springframework.validation.BindingResult)
2017-07-04 17:18:14.002  INFO 7020 --- [main] s.w.s.m.m.a.RequestMappingHandlerMapping : Mapped "{[/mgr/delete]}" onto public com.gaowh.scaffold.common.constant.tips.Tip com.gaowh.scaffold.modular.system.controller.UserMgrController.delete(java.lang.Integer)
2017-07-04 17:18:14.002  INFO 7020 --- [main] s.w.s.m.m.a.RequestMappingHandlerMapping : Mapped "{[/mgr/list]}" onto public java.lang.Object com.gaowh.scaffold.modular.system.controller.UserMgrController.list(java.lang.String,java.lang.String,java.lang.String,java.lang.Integer)
2017-07-04 17:18:14.003  INFO 7020 --- [main] s.w.s.m.m.a.RequestMappingHandlerMapping : Mapped "{[/mgr/reset]}" onto public com.gaowh.scaffold.common.constant.tips.Tip com.gaowh.scaffold.modular.system.controller.UserMgrController.reset(java.lang.Integer)
2017-07-04 17:18:14.003  INFO 7020 --- [main] s.w.s.m.m.a.RequestMappingHandlerMapping : Mapped "{[/mgr/user_info]}" onto public java.lang.String com.gaowh.scaffold.modular.system.controller.UserMgrController.userInfo(org.springframework.ui.Model)
2017-07-04 17:18:14.003  INFO 7020 --- [main] s.w.s.m.m.a.RequestMappingHandlerMapping : Mapped "{[/mgr/view/{userId}]}" onto public com.gaowh.scaffold.common.persistence.model.User com.gaowh.scaffold.modular.system.controller.UserMgrController.view(java.lang.Integer)
2017-07-04 17:18:14.003  INFO 7020 --- [main] s.w.s.m.m.a.RequestMappingHandlerMapping : Mapped "{[/mgr/setRole]}" onto public com.gaowh.scaffold.common.constant.tips.Tip com.gaowh.scaffold.modular.system.controller.UserMgrController.setRole(java.lang.Integer,java.lang.String)
2017-07-04 17:18:14.004  INFO 7020 --- [main] s.w.s.m.m.a.RequestMappingHandlerMapping : Mapped "{[/mgr/edit]}" onto public com.gaowh.scaffold.common.constant.tips.Tip com.gaowh.scaffold.modular.system.controller.UserMgrController.edit(com.gaowh.scaffold.modular.system.transfer.UserDto,org.springframework.validation.BindingResult) throws javax.naming.NoPermissionException
2017-07-04 17:18:14.004  INFO 7020 --- [main] s.w.s.m.m.a.RequestMappingHandlerMapping : Mapped "{[/mgr/role_assign/{userId}]}" onto public java.lang.String com.gaowh.scaffold.modular.system.controller.UserMgrController.roleAssign(java.lang.Integer,org.springframework.ui.Model)
2017-07-04 17:18:14.005  INFO 7020 --- [main] s.w.s.m.m.a.RequestMappingHandlerMapping : Mapped "{[/mgr/user_edit/{userId}]}" onto public java.lang.String com.gaowh.scaffold.modular.system.controller.UserMgrController.userEdit(java.lang.Integer,org.springframework.ui.Model)
2017-07-04 17:18:14.005  INFO 7020 --- [main] s.w.s.m.m.a.RequestMappingHandlerMapping : Mapped "{[/mgr/upload],methods=[POST]}" onto public java.lang.String com.gaowh.scaffold.modular.system.controller.UserMgrController.upload(org.springframework.web.multipart.MultipartFile)
2017-07-04 17:18:14.005  INFO 7020 --- [main] s.w.s.m.m.a.RequestMappingHandlerMapping : Mapped "{[/mgr/user_add]}" onto public java.lang.String com.gaowh.scaffold.modular.system.controller.UserMgrController.addView()
2017-07-04 17:18:14.005  INFO 7020 --- [main] s.w.s.m.m.a.RequestMappingHandlerMapping : Mapped "{[/mgr/unfreeze]}" onto public com.gaowh.scaffold.common.constant.tips.Tip com.gaowh.scaffold.modular.system.controller.UserMgrController.unfreeze(java.lang.Integer)
2017-07-04 17:18:14.006  INFO 7020 --- [main] s.w.s.m.m.a.RequestMappingHandlerMapping : Mapped "{[/mgr/changePwd]}" onto public java.lang.Object com.gaowh.scaffold.modular.system.controller.UserMgrController.changePwd(java.lang.String,java.lang.String,java.lang.String)
2017-07-04 17:18:14.006  INFO 7020 --- [main] s.w.s.m.m.a.RequestMappingHandlerMapping : Mapped "{[/mgr/user_chpwd]}" onto public java.lang.String com.gaowh.scaffold.modular.system.controller.UserMgrController.chPwd()
2017-07-04 17:18:14.006  INFO 7020 --- [main] s.w.s.m.m.a.RequestMappingHandlerMapping : Mapped "{[/mgr/freeze]}" onto public com.gaowh.scaffold.common.constant.tips.Tip com.gaowh.scaffold.modular.system.controller.UserMgrController.freeze(java.lang.Integer)
2017-07-04 17:18:14.007  INFO 7020 --- [main] s.w.s.m.m.a.RequestMappingHandlerMapping : Mapped "{[/v2/api-docs],methods=[GET]}" onto public org.springframework.http.ResponseEntity<springfox.documentation.spring.web.json.Json> springfox.documentation.swagger2.web.Swagger2Controller.getDocumentation(java.lang.String)
2017-07-04 17:18:14.010  INFO 7020 --- [main] s.w.s.m.m.a.RequestMappingHandlerMapping : Mapped "{[/configuration/ui]}" onto org.springframework.http.ResponseEntity<springfox.documentation.swagger.web.UiConfiguration> springfox.documentation.swagger.web.ApiResourceController.uiConfiguration()
2017-07-04 17:18:14.010  INFO 7020 --- [main] s.w.s.m.m.a.RequestMappingHandlerMapping : Mapped "{[/swagger-resources]}" onto org.springframework.http.ResponseEntity<java.util.List<springfox.documentation.swagger.web.SwaggerResource>> springfox.documentation.swagger.web.ApiResourceController.swaggerResources()
2017-07-04 17:18:14.010  INFO 7020 --- [main] s.w.s.m.m.a.RequestMappingHandlerMapping : Mapped "{[/configuration/security]}" onto org.springframework.http.ResponseEntity<springfox.documentation.swagger.web.SecurityConfiguration> springfox.documentation.swagger.web.ApiResourceController.securityConfiguration()
2017-07-04 17:18:14.013  INFO 7020 --- [main] s.w.s.m.m.a.RequestMappingHandlerMapping : Mapped "{[/error]}" onto public org.springframework.http.ResponseEntity<java.util.Map<java.lang.String, java.lang.Object>> org.springframework.boot.autoconfigure.web.BasicErrorController.error(javax.servlet.http.HttpServletRequest)
2017-07-04 17:18:14.014  INFO 7020 --- [main] s.w.s.m.m.a.RequestMappingHandlerMapping : Mapped "{[/error],produces=[text/html]}" onto public org.springframework.web.servlet.ModelAndView org.springframework.boot.autoconfigure.web.BasicErrorController.errorHtml(javax.servlet.http.HttpServletRequest,javax.servlet.http.HttpServletResponse)
2017-07-04 17:18:15.980  INFO 7020 --- [main] s.w.s.m.m.a.RequestMappingHandlerAdapter : Looking for @ControllerAdvice: org.springframework.boot.context.embedded.AnnotationConfigEmbeddedWebApplicationContext@7dc3712: startup date [Tue Jul 04 17:18:04 CST 2017]; root of context hierarchy
2017-07-04 17:18:16.312  INFO 7020 --- [main] o.s.w.s.handler.SimpleUrlHandlerMapping  : Mapped URL path [/swagger-ui.html] onto handler of type [class org.springframework.web.servlet.resource.ResourceHttpRequestHandler]
2017-07-04 17:18:16.312  INFO 7020 --- [main] o.s.w.s.handler.SimpleUrlHandlerMapping  : Mapped URL path [/webjars/**] onto handler of type [class org.springframework.web.servlet.resource.ResourceHttpRequestHandler]
2017-07-04 17:18:16.312  INFO 7020 --- [main] o.s.w.s.handler.SimpleUrlHandlerMapping  : Mapped URL path [/static/**] onto handler of type [class org.springframework.web.servlet.resource.ResourceHttpRequestHandler]
2017-07-04 17:18:16.406  INFO 7020 --- [main] .m.m.a.ExceptionHandlerExceptionResolver : Detected @ExceptionHandler methods in globalExceptionHandler
2017-07-04 17:18:16.534  INFO 7020 --- [main] o.s.w.s.handler.SimpleUrlHandlerMapping  : Mapped URL path [/**/favicon.ico] onto handler of type [class org.springframework.web.servlet.resource.ResourceHttpRequestHandler]
2017-07-04 17:18:17.859  INFO 7020 --- [main] o.s.j.e.a.AnnotationMBeanExporter        : Registering beans for JMX exposure on startup
2017-07-04 17:18:17.874  INFO 7020 --- [main] d.s.w.p.DocumentationPluginsBootstrapper : Context refreshed
2017-07-04 17:18:17.890  INFO 7020 --- [main] d.s.w.p.DocumentationPluginsBootstrapper : Found {0} custom documentation plugin(s)
2017-07-04 17:18:17.905  INFO 7020 --- [main] s.d.s.w.s.ApiListingReferenceScanner     : Scanning for api listing references
2017-07-04 17:18:17.905  INFO 7020 --- [main] s.w.ClassOrApiAnnotationResourceGrouping : Group for method add was code-controller
2017-07-04 17:18:17.905  INFO 7020 --- [main] s.d.s.w.s.ApiListingReferenceScanner     : Request mapping: add belongs to groups: [[ResourceGroup{groupName='code-controller', position=0, controller=com.gaowh.scaffold.modular.system.controller.CodeController}]]
2017-07-04 17:18:17.921  INFO 7020 --- [main] s.w.ClassOrApiAnnotationResourceGrouping : Group for method test was code-controller
2017-07-04 17:18:17.921  INFO 7020 --- [main] s.d.s.w.s.ApiListingReferenceScanner     : Request mapping: test belongs to groups: [[ResourceGroup{groupName='code-controller', position=0, controller=com.gaowh.scaffold.modular.system.controller.CodeController}]]
2017-07-04 17:18:17.921  INFO 7020 --- [main] s.w.ClassOrApiAnnotationResourceGrouping : Group for method add was test-swagger-controller
2017-07-04 17:18:17.921  INFO 7020 --- [main] s.d.s.w.s.ApiListingReferenceScanner     : Request mapping: add belongs to groups: [[ResourceGroup{groupName='test-swagger-controller', position=0, controller=com.gaowh.scaffold.modular.system.controller.TestSwaggerController}]]
2017-07-04 17:18:17.921  INFO 7020 --- [main] s.w.ClassOrApiAnnotationResourceGrouping : Group for method test was test-swagger-controller
2017-07-04 17:18:17.921  INFO 7020 --- [main] s.d.s.w.s.ApiListingReferenceScanner     : Request mapping: test belongs to groups: [[ResourceGroup{groupName='test-swagger-controller', position=0, controller=com.gaowh.scaffold.modular.system.controller.TestSwaggerController}]]
2017-07-04 17:18:17.921  INFO 7020 --- [main] s.d.s.w.s.ApiListingReferenceScanner     : Created resource listing Path: /default/test-swagger-controller Description: test-swagger-controller Position: 0
2017-07-04 17:18:17.921  INFO 7020 --- [main] s.d.s.w.s.ApiListingReferenceScanner     : Created resource listing Path: /default/code-controller Description: code-controller Position: 0
2017-07-04 17:18:17.952  INFO 7020 --- [main] s.d.schema.ModelContextKeyGenerator      : Cache Key Generated: java.lang.Object(true)
2017-07-04 17:18:17.952  INFO 7020 --- [main] s.d.spring.web.caching.CachingAspect     : Caching aspect applied for cache models with key java.lang.Object(true)
2017-07-04 17:18:17.952  INFO 7020 --- [main] s.d.schema.ModelContextKeyGenerator      : Cache Key Generated: java.lang.Object(true)
2017-07-04 17:18:17.952  INFO 7020 --- [main] s.d.spring.web.caching.CachingAspect     : Caching aspect applied for cache modelDependencies with key java.lang.Object(true)
2017-07-04 17:18:17.952  INFO 7020 --- [main] s.d.spring.web.OperationsKeyGenerator    : Cache key generated: /code/generate.com.gaowh.scaffold.modular.system.controller.CodeController.add.DefaultGenericTypeNamingStrategy
2017-07-04 17:18:17.952  INFO 7020 --- [main] s.d.spring.web.caching.CachingAspect     : Caching aspect applied for cache operations with key /code/generate.com.gaowh.scaffold.modular.system.controller.CodeController.add.DefaultGenericTypeNamingStrategy
2017-07-04 17:18:17.980  INFO 7020 --- [main] s.w.ClassOrApiAnnotationResourceGrouping : Group for method add was code-controller
2017-07-04 17:18:17.995  INFO 7020 --- [main] s.w.ClassOrApiAnnotationResourceGrouping : Group for method add was code-controller
2017-07-04 17:18:18.005  INFO 7020 --- [main] s.d.schema.ModelContextKeyGenerator      : Cache Key Generated: java.lang.String(true)
2017-07-04 17:18:18.005  INFO 7020 --- [main] s.d.spring.web.caching.CachingAspect     : Caching aspect applied for cache models with key java.lang.String(true)
2017-07-04 17:18:18.005  INFO 7020 --- [main] s.d.schema.ModelContextKeyGenerator      : Cache Key Generated: java.lang.String(true)
2017-07-04 17:18:18.005  INFO 7020 --- [main] s.d.spring.web.caching.CachingAspect     : Caching aspect applied for cache modelDependencies with key java.lang.String(true)
2017-07-04 17:18:18.005  INFO 7020 --- [main] s.d.spring.web.OperationsKeyGenerator    : Cache key generated: /code/test.com.gaowh.scaffold.modular.system.controller.CodeController.test.DefaultGenericTypeNamingStrategy
2017-07-04 17:18:18.005  INFO 7020 --- [main] s.d.spring.web.caching.CachingAspect     : Caching aspect applied for cache operations with key /code/test.com.gaowh.scaffold.modular.system.controller.CodeController.test.DefaultGenericTypeNamingStrategy
2017-07-04 17:18:18.008  INFO 7020 --- [main] s.w.ClassOrApiAnnotationResourceGrouping : Group for method test was code-controller
2017-07-04 17:18:18.009  INFO 7020 --- [main] s.w.ClassOrApiAnnotationResourceGrouping : Group for method test was code-controller
2017-07-04 17:18:18.016  INFO 7020 --- [main] s.d.schema.ModelContextKeyGenerator      : Cache Key Generated: java.lang.Object(true)
2017-07-04 17:18:18.016  INFO 7020 --- [main] s.d.spring.web.caching.CachingAspect     : Caching aspect applied for cache models with key java.lang.Object(true)
2017-07-04 17:18:18.016  INFO 7020 --- [main] s.d.schema.ModelContextKeyGenerator      : Cache Key Generated: java.lang.Object(true)
2017-07-04 17:18:18.016  INFO 7020 --- [main] s.d.spring.web.caching.CachingAspect     : Caching aspect applied for cache modelDependencies with key java.lang.Object(true)
2017-07-04 17:18:18.017  INFO 7020 --- [main] s.d.spring.web.OperationsKeyGenerator    : Cache key generated: /order/order.com.gaowh.scaffold.modular.system.controller.TestSwaggerController.add.DefaultGenericTypeNamingStrategy
2017-07-04 17:18:18.017  INFO 7020 --- [main] s.d.spring.web.caching.CachingAspect     : Caching aspect applied for cache operations with key /order/order.com.gaowh.scaffold.modular.system.controller.TestSwaggerController.add.DefaultGenericTypeNamingStrategy
2017-07-04 17:18:18.018  INFO 7020 --- [main] s.w.ClassOrApiAnnotationResourceGrouping : Group for method add was test-swagger-controller
2017-07-04 17:18:18.020  INFO 7020 --- [main] s.w.ClassOrApiAnnotationResourceGrouping : Group for method add was test-swagger-controller
2017-07-04 17:18:18.020  INFO 7020 --- [main] .d.s.w.r.o.CachingOperationNameGenerator : Generating unique operation named: addUsingPOST_1
2017-07-04 17:18:18.021  INFO 7020 --- [main] s.d.schema.ModelContextKeyGenerator      : Cache Key Generated: java.lang.String(true)
2017-07-04 17:18:18.021  INFO 7020 --- [main] s.d.spring.web.caching.CachingAspect     : Caching aspect applied for cache models with key java.lang.String(true)
2017-07-04 17:18:18.021  INFO 7020 --- [main] s.d.schema.ModelContextKeyGenerator      : Cache Key Generated: java.lang.String(true)
2017-07-04 17:18:18.021  INFO 7020 --- [main] s.d.spring.web.caching.CachingAspect     : Caching aspect applied for cache modelDependencies with key java.lang.String(true)
2017-07-04 17:18:18.021  INFO 7020 --- [main] s.d.spring.web.OperationsKeyGenerator    : Cache key generated: /order/test.com.gaowh.scaffold.modular.system.controller.TestSwaggerController.test.DefaultGenericTypeNamingStrategy
2017-07-04 17:18:18.022  INFO 7020 --- [main] s.d.spring.web.caching.CachingAspect     : Caching aspect applied for cache operations with key /order/test.com.gaowh.scaffold.modular.system.controller.TestSwaggerController.test.DefaultGenericTypeNamingStrategy
2017-07-04 17:18:18.023  INFO 7020 --- [main] s.w.ClassOrApiAnnotationResourceGrouping : Group for method test was test-swagger-controller
2017-07-04 17:18:18.024  INFO 7020 --- [main] s.w.ClassOrApiAnnotationResourceGrouping : Group for method test was test-swagger-controller
2017-07-04 17:18:18.024  INFO 7020 --- [main] .d.s.w.r.o.CachingOperationNameGenerator : Generating unique operation named: testUsingPOST_1
2017-07-04 17:18:18.077  INFO 7020 --- [main] s.b.c.e.t.TomcatEmbeddedServletContainer : Tomcat started on port(s): 8088 (http)
2017-07-04 17:18:18.077  INFO 7020 --- [main] com.gaowh.scaffold.scaffoldApplication       : Started scaffoldApplication in 14.464 seconds (JVM running for 15.043)
2017-07-04 17:18:18.077  INFO 7020 --- [main] com.gaowh.scaffold.scaffoldApplication       : scaffoldApplication is sussess!
2017-07-04 17:18:37.186  INFO 7020 --- [http-nio-8088-exec-3] o.a.c.c.C.[Tomcat].[localhost].[/]       : Initializing Spring FrameworkServlet 'dispatcherServlet'
2017-07-04 17:18:37.186  INFO 7020 --- [http-nio-8088-exec-3] o.s.web.servlet.DispatcherServlet        : FrameworkServlet 'dispatcherServlet': initialization started
2017-07-04 17:18:37.244  INFO 7020 --- [http-nio-8088-exec-3] o.s.web.servlet.DispatcherServlet        : FrameworkServlet 'dispatcherServlet': initialization completed in 57 ms
2017-07-04 17:18:37.261  INFO 7020 --- [http-nio-8088-exec-3] a.s.s.m.AbstractValidatingSessionManager : Enabling session validation scheduler...
2017-07-04 17:33:37.263  INFO 7020 --- [SessionValidationThread-1] a.s.s.m.AbstractValidatingSessionManager : Validating all active sessions...
2017-07-04 17:33:37.264  INFO 7020 --- [SessionValidationThread-1] a.s.s.m.AbstractValidatingSessionManager : Finished session validation.  No sessions were stopped.
2017-07-04 17:48:37.263  INFO 7020 --- [SessionValidationThread-1] a.s.s.m.AbstractValidatingSessionManager : Validating all active sessions...
2017-07-04 17:48:37.264  INFO 7020 --- [SessionValidationThread-1] a.s.s.m.AbstractValidatingSessionManager : Finished session validation.  No sessions were stopped.
2017-07-04 18:03:37.268  INFO 7020 --- [SessionValidationThread-1] a.s.s.m.AbstractValidatingSessionManager : Validating all active sessions...
2017-07-04 18:03:37.268  INFO 7020 --- [SessionValidationThread-1] a.s.s.m.AbstractValidatingSessionManager : Finished session validation.  No sessions were stopped.
